<?xml version="1.0" encoding="UTF-8"?>
<testsuite xmlns:xsi="http://www.w3.org/2001/XMLSchema-instance" xsi:noNamespaceSchemaLocation="https://maven.apache.org/surefire/maven-surefire-plugin/xsd/surefire-test-report-3.0.xsd" version="3.0" name="com.example.url_view.UrlViewRepositoryTest" time="1.819" tests="1" errors="1" skipped="0" failures="0">
  <properties>
[...]
</properties>
  <testcase name="" classname="com.example.url_view.UrlViewRepositoryTest" time="1.819">
    <error message="Configuration error: found multiple declarations of @BootstrapWith for test class [com.example.url_view.UrlViewRepositoryTest]: [@org.springframework.test.context.BootstrapWith(value=org.springframework.boot.test.autoconfigure.orm.jpa.DataJpaTestContextBootstrapper.class), @org.springframework.test.context.BootstrapWith(value=org.springframework.boot.test.context.SpringBootTestContextBootstrapper.class)]" type="java.lang.IllegalStateException"><![CDATA[java.lang.IllegalStateException: Configuration error: found multiple declarations of @BootstrapWith for test class [com.example.url_view.UrlViewRepositoryTest]: [@org.springframework.test.context.BootstrapWith(value=org.springframework.boot.test.autoconfigure.orm.jpa.DataJpaTestContextBootstrapper.class), @org.springframework.test.context.BootstrapWith(value=org.springframework.boot.test.context.SpringBootTestContextBootstrapper.class)]
	at org.springframework.test.context.BootstrapUtils.resolveExplicitTestContextBootstrapper(BootstrapUtils.java:194)
	at org.springframework.test.context.BootstrapUtils.resolveTestContextBootstrapper(BootstrapUtils.java:150)
	at org.springframework.test.context.BootstrapUtils.resolveTestContextBootstrapper(BootstrapUtils.java:126)
	at org.springframework.test.context.TestContextManager.<init>(TestContextManager.java:126)
	at org.springframework.test.context.junit.jupiter.SpringExtension.getTestContextManager(SpringExtension.java:366)
	at org.springframework.test.context.junit.jupiter.SpringExtension.beforeAll(SpringExtension.java:131)
	at java.base/java.util.ArrayList.forEach(ArrayList.java:1596)
]]></error>
    <system-out><![CDATA[2024-06-12T14:28:40.178+03:00 DEBUG 12012 --- [URL Shortener] [           main] tc.postgres:latest                       : Starting container: postgres:latest
2024-06-12T14:28:40.178+03:00 DEBUG 12012 --- [URL Shortener] [           main] tc.postgres:latest                       : Trying to start container: postgres:latest (attempt 1/1)
2024-06-12T14:28:40.178+03:00 DEBUG 12012 --- [URL Shortener] [           main] tc.postgres:latest                       : Starting container: postgres:latest
2024-06-12T14:28:40.178+03:00  INFO 12012 --- [URL Shortener] [           main] tc.postgres:latest                       : Creating container for image: postgres:latest
2024-06-12T14:28:40.178+03:00 DEBUG 12012 --- [URL Shortener] [           main] o.t.utility.RegistryAuthLocator          : Looking up auth config for image: postgres:latest at registry: https://index.docker.io/v1/
2024-06-12T14:28:40.178+03:00 DEBUG 12012 --- [URL Shortener] [           main] o.t.utility.RegistryAuthLocator          : No matching Auth Configs - falling back to defaultAuthConfig [null]
2024-06-12T14:28:40.178+03:00 DEBUG 12012 --- [URL Shortener] [           main] o.t.d.AuthDelegatingDockerClientConfig   : Effective auth config [null]
2024-06-12T14:28:40.178+03:00 DEBUG 12012 --- [URL Shortener] [           main] o.t.s.c.g.d.core.command.AbstrDockerCmd  : Cmd: org.testcontainers.shaded.com.github.dockerjava.core.command.CreateContainerCmdImpl@6d0dd338[aliases=<null>,argsEscaped=<null>,attachStderr=<null>,attachStdin=<null>,attachStdout=<null>,authConfig=<null>,cmd={postgres,-c,fsync=off},domainName=<null>,entrypoint=<null>,env={POSTGRES_USER=testuser,POSTGRES_PASSWORD=testpass,POSTGRES_DB=testdb},exposedPorts=ExposedPorts(exposedPorts=[5432/tcp]),healthcheck=<null>,hostConfig=HostConfig(binds=[], blkioWeight=null, blkioWeightDevice=null, blkioDeviceReadBps=null, blkioDeviceWriteBps=null, blkioDeviceReadIOps=null, blkioDeviceWriteIOps=null, memorySwappiness=null, nanoCPUs=null, capAdd=null, capDrop=null, containerIDFile=null, cpuPeriod=null, cpuRealtimePeriod=null, cpuRealtimeRuntime=null, cpuShares=null, cpuQuota=null, cpusetCpus=null, cpusetMems=null, devices=null, deviceCgroupRules=null, deviceRequests=null, diskQuota=null, dns=null, dnsOptions=null, dnsSearch=null, extraHosts=[], groupAdd=null, ipcMode=null, cgroup=null, links=[], logConfig=LogConfig(type=null, config=null), lxcConf=null, memory=null, memorySwap=null, memoryReservation=null, kernelMemory=null, networkMode=null, oomKillDisable=null, init=null, autoRemove=null, oomScoreAdj=null, portBindings={5432/tcp=[Lcom.github.dockerjava.api.model.Ports$Binding;@1352cd6a}, privileged=null, publishAllPorts=null, readonlyRootfs=null, restartPolicy=null, ulimits=null, cpuCount=null, cpuPercent=null, ioMaximumIOps=null, ioMaximumBandwidth=null, volumesFrom=[], mounts=null, pidMode=null, isolation=null, securityOpts=null, storageOpt=null, cgroupParent=null, volumeDriver=null, shmSize=null, pidsLimit=null, runtime=null, tmpFs=null, utSMode=null, usernsMode=null, sysctls=null, consoleSize=null, cgroupnsMode=null),hostName=<null>,image=postgres:latest,ipv4Address=<null>,ipv6Address=<null>,labels={org.testcontainers=true, org.testcontainers.lang=java, org.testcontainers.version=1.19.8, org.testcontainers.sessionId=7171fa07-21e4-4858-9670-1c8520dc0b21},macAddress=<null>,name=<null>,networkDisabled=<null>,networkingConfig=<null>,onBuild=<null>,platform=<null>,portSpecs=<null>,shell=<null>,stdInOnce=<null>,stdinOpen=<null>,stopSignal=<null>,stopTimeout=<null>,tty=<null>,user=<null>,volumes=Volumes(volumes=[]),workingDir=<null>]
2024-06-12T14:28:40.179+03:00 DEBUG 12012 --- [URL Shortener] [           main] g.d.z.s.o.a.h.c.h.i.c.InternalHttpClient : ex-00000046: preparing request execution
2024-06-12T14:28:40.179+03:00 DEBUG 12012 --- [URL Shortener] [           main] c.g.d.z.s.o.a.h.c.h.p.RequestAddCookies  : Cookie spec selected: strict
2024-06-12T14:28:40.179+03:00 DEBUG 12012 --- [URL Shortener] [           main] c.g.d.z.s.o.a.h.c.h.p.RequestAuthCache   : Auth cache not set in the context
2024-06-12T14:28:40.179+03:00 DEBUG 12012 --- [URL Shortener] [           main] c.g.d.z.s.o.a.h.c.h.i.c.ProtocolExec     : ex-00000046: target auth state: UNCHALLENGED
2024-06-12T14:28:40.179+03:00 DEBUG 12012 --- [URL Shortener] [           main] c.g.d.z.s.o.a.h.c.h.i.c.ProtocolExec     : ex-00000046: proxy auth state: UNCHALLENGED
2024-06-12T14:28:40.179+03:00 DEBUG 12012 --- [URL Shortener] [           main] c.g.d.z.s.o.a.h.c.h.i.c.ConnectExec      : ex-00000046: acquiring connection with route {}->npipe://localhost:2375
2024-06-12T14:28:40.180+03:00 DEBUG 12012 --- [URL Shortener] [           main] g.d.z.s.o.a.h.c.h.i.c.InternalHttpClient : ex-00000046: acquiring endpoint (3 MINUTES)
2024-06-12T14:28:40.180+03:00 DEBUG 12012 --- [URL Shortener] [           main] h.i.i.PoolingHttpClientConnectionManager : ex-00000046: endpoint lease request (3 MINUTES) [route: {}->npipe://localhost:2375][total available: 1; route allocated: 1 of 2147483647; total allocated: 1 of 2147483647]
2024-06-12T14:28:40.180+03:00 DEBUG 12012 --- [URL Shortener] [           main] h.i.i.PoolingHttpClientConnectionManager : ex-00000046: endpoint leased [route: {}->npipe://localhost:2375][total available: 0; route allocated: 1 of 2147483647; total allocated: 1 of 2147483647]
2024-06-12T14:28:40.180+03:00 DEBUG 12012 --- [URL Shortener] [           main] h.i.i.PoolingHttpClientConnectionManager : ex-00000046: acquired ep-00000045
2024-06-12T14:28:40.180+03:00 DEBUG 12012 --- [URL Shortener] [           main] g.d.z.s.o.a.h.c.h.i.c.InternalHttpClient : ex-00000046: acquired endpoint ep-00000045
2024-06-12T14:28:40.180+03:00 DEBUG 12012 --- [URL Shortener] [           main] c.g.d.z.s.o.a.h.c.h.i.c.MainClientExec   : ex-00000046: executing POST /v1.32/containers/create HTTP/1.1
2024-06-12T14:28:40.180+03:00 DEBUG 12012 --- [URL Shortener] [           main] g.d.z.s.o.a.h.c.h.i.c.InternalHttpClient : ep-00000045: start execution ex-00000046
2024-06-12T14:28:40.180+03:00 DEBUG 12012 --- [URL Shortener] [           main] h.i.i.PoolingHttpClientConnectionManager : ep-00000045: executing exchange ex-00000046 over http-outgoing-7
2024-06-12T14:28:40.180+03:00 DEBUG 12012 --- [URL Shortener] [           main] c.g.d.z.s.o.a.hc.client5.http.headers    : http-outgoing-7 >> POST /v1.32/containers/create HTTP/1.1
2024-06-12T14:28:40.180+03:00 DEBUG 12012 --- [URL Shortener] [           main] c.g.d.z.s.o.a.hc.client5.http.headers    : http-outgoing-7 >> accept: application/json
2024-06-12T14:28:40.180+03:00 DEBUG 12012 --- [URL Shortener] [           main] c.g.d.z.s.o.a.hc.client5.http.headers    : http-outgoing-7 >> content-type: application/json
2024-06-12T14:28:40.180+03:00 DEBUG 12012 --- [URL Shortener] [           main] c.g.d.z.s.o.a.hc.client5.http.headers    : http-outgoing-7 >> x-tc-sid: 7171fa07-21e4-4858-9670-1c8520dc0b21
2024-06-12T14:28:40.180+03:00 DEBUG 12012 --- [URL Shortener] [           main] c.g.d.z.s.o.a.hc.client5.http.headers    : http-outgoing-7 >> User-Agent: tc-java/1.19.8
2024-06-12T14:28:40.180+03:00 DEBUG 12012 --- [URL Shortener] [           main] c.g.d.z.s.o.a.hc.client5.http.headers    : http-outgoing-7 >> Accept-Encoding: gzip, x-gzip, deflate
2024-06-12T14:28:40.180+03:00 DEBUG 12012 --- [URL Shortener] [           main] c.g.d.z.s.o.a.hc.client5.http.headers    : http-outgoing-7 >> Content-Length: 2069
2024-06-12T14:28:40.180+03:00 DEBUG 12012 --- [URL Shortener] [           main] c.g.d.z.s.o.a.hc.client5.http.headers    : http-outgoing-7 >> Host: localhost:2375
2024-06-12T14:28:40.180+03:00 DEBUG 12012 --- [URL Shortener] [           main] c.g.d.z.s.o.a.hc.client5.http.headers    : http-outgoing-7 >> Connection: keep-alive
2024-06-12T14:28:40.180+03:00 DEBUG 12012 --- [URL Shortener] [           main] c.g.d.z.s.o.apache.hc.client5.http.wire  : http-outgoing-7 >> "POST /v1.32/containers/create HTTP/1.1[\r][\n]"
2024-06-12T14:28:40.180+03:00 DEBUG 12012 --- [URL Shortener] [           main] c.g.d.z.s.o.apache.hc.client5.http.wire  : http-outgoing-7 >> "accept: application/json[\r][\n]"
2024-06-12T14:28:40.180+03:00 DEBUG 12012 --- [URL Shortener] [           main] c.g.d.z.s.o.apache.hc.client5.http.wire  : http-outgoing-7 >> "content-type: application/json[\r][\n]"
2024-06-12T14:28:40.180+03:00 DEBUG 12012 --- [URL Shortener] [           main] c.g.d.z.s.o.apache.hc.client5.http.wire  : http-outgoing-7 >> "x-tc-sid: 7171fa07-21e4-4858-9670-1c8520dc0b21[\r][\n]"
2024-06-12T14:28:40.180+03:00 DEBUG 12012 --- [URL Shortener] [           main] c.g.d.z.s.o.apache.hc.client5.http.wire  : http-outgoing-7 >> "User-Agent: tc-java/1.19.8[\r][\n]"
2024-06-12T14:28:40.180+03:00 DEBUG 12012 --- [URL Shortener] [           main] c.g.d.z.s.o.apache.hc.client5.http.wire  : http-outgoing-7 >> "Accept-Encoding: gzip, x-gzip, deflate[\r][\n]"
2024-06-12T14:28:40.180+03:00 DEBUG 12012 --- [URL Shortener] [           main] c.g.d.z.s.o.apache.hc.client5.http.wire  : http-outgoing-7 >> "Content-Length: 2069[\r][\n]"
2024-06-12T14:28:40.180+03:00 DEBUG 12012 --- [URL Shortener] [           main] c.g.d.z.s.o.apache.hc.client5.http.wire  : http-outgoing-7 >> "Host: localhost:2375[\r][\n]"
2024-06-12T14:28:40.180+03:00 DEBUG 12012 --- [URL Shortener] [           main] c.g.d.z.s.o.apache.hc.client5.http.wire  : http-outgoing-7 >> "Connection: keep-alive[\r][\n]"
2024-06-12T14:28:40.180+03:00 DEBUG 12012 --- [URL Shortener] [           main] c.g.d.z.s.o.apache.hc.client5.http.wire  : http-outgoing-7 >> "[\r][\n]"
2024-06-12T14:28:40.180+03:00 DEBUG 12012 --- [URL Shortener] [           main] c.g.d.z.s.o.apache.hc.client5.http.wire  : http-outgoing-7 >> "{"Hostname":null,"Domainname":null,"User":null,"AttachStdin":null,"AttachStdout":null,"AttachStderr":null,"PortSpecs":null,"Tty":null,"OpenStdin":null,"StdinOnce":null,"Env":["POSTGRES_USER=testuser","POSTGRES_PASSWORD=testpass","POSTGRES_DB=testdb"],"Cmd":["postgres","-c","fsync=off"],"Healthcheck":null,"ArgsEscaped":null,"Entrypoint":null,"Image":"postgres:latest","Volumes":{},"WorkingDir":null,"MacAddress":null,"OnBuild":null,"NetworkDisabled":null,"ExposedPorts":{"5432/tcp":{}},"StopSignal":null,"StopTimeout":null,"HostConfig":{"Binds":[],"BlkioWeight":null,"BlkioWeightDevice":null,"BlkioDeviceReadBps":null,"BlkioDeviceWriteBps":null,"BlkioDeviceReadIOps":null,"BlkioDeviceWriteIOps":null,"MemorySwappiness":null,"NanoCpus":null,"CapAdd":null,"CapDrop":null,"ContainerIDFile":null,"CpuPeriod":null,"CpuRealtimePeriod":null,"CpuRealtimeRuntime":null,"CpuShares":null,"CpuQuota":null,"CpusetCpus":null,"CpusetMems":null,"Devices":null,"DeviceCgroupRules":null,"DeviceRequests":null,"DiskQuota":null,"Dns":null,"DnsOptions":null,"DnsSearch":null,"ExtraHosts":[],"GroupAdd":null,"IpcMode":null,"Cgroup":null,"Links":[],"LogConfig":null,"LxcConf":null,"Memory":null,"MemorySwap":null,"MemoryReservation":null,"KernelMemory":null,"NetworkMode":null,"OomKillDisable":null,"Init":null,"AutoRemove":null,"OomScoreAdj":null,"PortBindings":{"5432/tcp":[{"HostIp":"","HostPort":""}]},"Privileged":null,"PublishAllPorts":null,"ReadonlyRootfs":null,"RestartPolicy":null,"Ulimits":null,"CpuCount":null,"CpuPercent":null,"IOMaximumIOps":null,"IOMaximumBandwidth":null,"VolumesFrom":[],"Mounts":null,"PidMode":null,"Isolation":null,"SecurityOpt":null,"StorageOpt":null,"CgroupParent":null,"VolumeDriver":null,"ShmSize":null,"PidsLimit":null,"Runtime":null,"Tmpfs":null,"UTSMode":null,"UsernsMode":null,"Sysctls":null,"ConsoleSize":null,"CgroupnsMode":null},"Labels":{"org.testcontainers":"true","org.testcontainers.lang":"java","org.testcontainers.version":"1.19.8","org.testcontainers.sessionId":"7171fa07-21e4-4858-9670-1c8520dc0b21"},"Shell":null,"NetworkingConfig":null}"
2024-06-12T14:28:40.245+03:00 DEBUG 12012 --- [URL Shortener] [           main] c.g.d.z.s.o.apache.hc.client5.http.wire  : http-outgoing-7 << "HTTP/1.1 201 Created[\r][\n]"
2024-06-12T14:28:40.245+03:00 DEBUG 12012 --- [URL Shortener] [           main] c.g.d.z.s.o.apache.hc.client5.http.wire  : http-outgoing-7 << "Api-Version: 1.43[\r][\n]"
2024-06-12T14:28:40.245+03:00 DEBUG 12012 --- [URL Shortener] [           main] c.g.d.z.s.o.apache.hc.client5.http.wire  : http-outgoing-7 << "Content-Type: application/json[\r][\n]"
2024-06-12T14:28:40.245+03:00 DEBUG 12012 --- [URL Shortener] [           main] c.g.d.z.s.o.apache.hc.client5.http.wire  : http-outgoing-7 << "Date: Wed, 12 Jun 2024 11:28:40 GMT[\r][\n]"
2024-06-12T14:28:40.245+03:00 DEBUG 12012 --- [URL Shortener] [           main] c.g.d.z.s.o.apache.hc.client5.http.wire  : http-outgoing-7 << "Docker-Experimental: false[\r][\n]"
2024-06-12T14:28:40.245+03:00 DEBUG 12012 --- [URL Shortener] [           main] c.g.d.z.s.o.apache.hc.client5.http.wire  : http-outgoing-7 << "Ostype: linux[\r][\n]"
2024-06-12T14:28:40.245+03:00 DEBUG 12012 --- [URL Shortener] [           main] c.g.d.z.s.o.apache.hc.client5.http.wire  : http-outgoing-7 << "Server: Docker/24.0.7 (linux)[\r][\n]"
2024-06-12T14:28:40.245+03:00 DEBUG 12012 --- [URL Shortener] [           main] c.g.d.z.s.o.apache.hc.client5.http.wire  : http-outgoing-7 << "Transfer-Encoding: chunked[\r][\n]"
2024-06-12T14:28:40.245+03:00 DEBUG 12012 --- [URL Shortener] [           main] c.g.d.z.s.o.apache.hc.client5.http.wire  : http-outgoing-7 << "[\r][\n]"
2024-06-12T14:28:40.246+03:00 DEBUG 12012 --- [URL Shortener] [           main] c.g.d.z.s.o.a.hc.client5.http.headers    : http-outgoing-7 << HTTP/1.1 201 Created
2024-06-12T14:28:40.246+03:00 DEBUG 12012 --- [URL Shortener] [           main] c.g.d.z.s.o.a.hc.client5.http.headers    : http-outgoing-7 << Api-Version: 1.43
2024-06-12T14:28:40.246+03:00 DEBUG 12012 --- [URL Shortener] [           main] c.g.d.z.s.o.a.hc.client5.http.headers    : http-outgoing-7 << Content-Type: application/json
2024-06-12T14:28:40.246+03:00 DEBUG 12012 --- [URL Shortener] [           main] c.g.d.z.s.o.a.hc.client5.http.headers    : http-outgoing-7 << Date: Wed, 12 Jun 2024 11:28:40 GMT
2024-06-12T14:28:40.246+03:00 DEBUG 12012 --- [URL Shortener] [           main] c.g.d.z.s.o.a.hc.client5.http.headers    : http-outgoing-7 << Docker-Experimental: false
2024-06-12T14:28:40.246+03:00 DEBUG 12012 --- [URL Shortener] [           main] c.g.d.z.s.o.a.hc.client5.http.headers    : http-outgoing-7 << Ostype: linux
2024-06-12T14:28:40.246+03:00 DEBUG 12012 --- [URL Shortener] [           main] c.g.d.z.s.o.a.hc.client5.http.headers    : http-outgoing-7 << Server: Docker/24.0.7 (linux)
2024-06-12T14:28:40.246+03:00 DEBUG 12012 --- [URL Shortener] [           main] c.g.d.z.s.o.a.hc.client5.http.headers    : http-outgoing-7 << Transfer-Encoding: chunked
2024-06-12T14:28:40.246+03:00 DEBUG 12012 --- [URL Shortener] [           main] c.g.d.z.s.o.a.h.c.h.i.c.MainClientExec   : ex-00000046: connection can be kept alive for 3 MINUTES
2024-06-12T14:28:40.246+03:00 DEBUG 12012 --- [URL Shortener] [           main] c.g.d.z.s.o.apache.hc.client5.http.wire  : http-outgoing-7 << "58[\r][\n]"
2024-06-12T14:28:40.246+03:00 DEBUG 12012 --- [URL Shortener] [           main] c.g.d.z.s.o.apache.hc.client5.http.wire  : http-outgoing-7 << "{"Id":"128f22c426d45daca997e33ea9c3b62928a65a0f376c96d80573176364685d48","Warnings":[]}[\n]"
2024-06-12T14:28:40.246+03:00 DEBUG 12012 --- [URL Shortener] [           main] c.g.d.z.s.o.apache.hc.client5.http.wire  : http-outgoing-7 << "[\r][\n]"
2024-06-12T14:28:40.246+03:00 DEBUG 12012 --- [URL Shortener] [           main] c.g.d.z.s.o.apache.hc.client5.http.wire  : http-outgoing-7 << "0[\r][\n]"
2024-06-12T14:28:40.246+03:00 DEBUG 12012 --- [URL Shortener] [           main] c.g.d.z.s.o.apache.hc.client5.http.wire  : http-outgoing-7 << "[\r][\n]"
2024-06-12T14:28:40.246+03:00 DEBUG 12012 --- [URL Shortener] [           main] g.d.z.s.o.a.h.c.h.i.c.InternalHttpClient : ep-00000045: releasing valid endpoint
2024-06-12T14:28:40.246+03:00 DEBUG 12012 --- [URL Shortener] [           main] h.i.i.PoolingHttpClientConnectionManager : ep-00000045: releasing endpoint
2024-06-12T14:28:40.246+03:00 DEBUG 12012 --- [URL Shortener] [           main] h.i.i.PoolingHttpClientConnectionManager : ep-00000045: connection http-outgoing-7 can be kept alive for 3 MINUTES
2024-06-12T14:28:40.246+03:00 DEBUG 12012 --- [URL Shortener] [           main] h.i.i.PoolingHttpClientConnectionManager : ep-00000045: connection released [route: {}->npipe://localhost:2375][total available: 1; route allocated: 1 of 2147483647; total allocated: 1 of 2147483647]
2024-06-12T14:28:40.246+03:00  INFO 12012 --- [URL Shortener] [           main] tc.postgres:latest                       : Container postgres:latest is starting: 128f22c426d45daca997e33ea9c3b62928a65a0f376c96d80573176364685d48
2024-06-12T14:28:40.246+03:00 DEBUG 12012 --- [URL Shortener] [           main] o.t.s.c.g.d.core.command.AbstrDockerCmd  : Cmd: 128f22c426d45daca997e33ea9c3b62928a65a0f376c96d80573176364685d48
2024-06-12T14:28:40.246+03:00 DEBUG 12012 --- [URL Shortener] [           main] g.d.z.s.o.a.h.c.h.i.c.InternalHttpClient : ex-00000047: preparing request execution
2024-06-12T14:28:40.246+03:00 DEBUG 12012 --- [URL Shortener] [           main] c.g.d.z.s.o.a.h.c.h.p.RequestAddCookies  : Cookie spec selected: strict
2024-06-12T14:28:40.247+03:00 DEBUG 12012 --- [URL Shortener] [           main] c.g.d.z.s.o.a.h.c.h.p.RequestAuthCache   : Auth cache not set in the context
2024-06-12T14:28:40.247+03:00 DEBUG 12012 --- [URL Shortener] [           main] c.g.d.z.s.o.a.h.c.h.i.c.ProtocolExec     : ex-00000047: target auth state: UNCHALLENGED
2024-06-12T14:28:40.247+03:00 DEBUG 12012 --- [URL Shortener] [           main] c.g.d.z.s.o.a.h.c.h.i.c.ProtocolExec     : ex-00000047: proxy auth state: UNCHALLENGED
2024-06-12T14:28:40.247+03:00 DEBUG 12012 --- [URL Shortener] [           main] c.g.d.z.s.o.a.h.c.h.i.c.ConnectExec      : ex-00000047: acquiring connection with route {}->npipe://localhost:2375
2024-06-12T14:28:40.247+03:00 DEBUG 12012 --- [URL Shortener] [           main] g.d.z.s.o.a.h.c.h.i.c.InternalHttpClient : ex-00000047: acquiring endpoint (3 MINUTES)
2024-06-12T14:28:40.247+03:00 DEBUG 12012 --- [URL Shortener] [           main] h.i.i.PoolingHttpClientConnectionManager : ex-00000047: endpoint lease request (3 MINUTES) [route: {}->npipe://localhost:2375][total available: 1; route allocated: 1 of 2147483647; total allocated: 1 of 2147483647]
2024-06-12T14:28:40.247+03:00 DEBUG 12012 --- [URL Shortener] [           main] h.i.i.PoolingHttpClientConnectionManager : ex-00000047: endpoint leased [route: {}->npipe://localhost:2375][total available: 0; route allocated: 1 of 2147483647; total allocated: 1 of 2147483647]
2024-06-12T14:28:40.247+03:00 DEBUG 12012 --- [URL Shortener] [           main] h.i.i.PoolingHttpClientConnectionManager : ex-00000047: acquired ep-00000046
2024-06-12T14:28:40.247+03:00 DEBUG 12012 --- [URL Shortener] [           main] g.d.z.s.o.a.h.c.h.i.c.InternalHttpClient : ex-00000047: acquired endpoint ep-00000046
2024-06-12T14:28:40.247+03:00 DEBUG 12012 --- [URL Shortener] [           main] c.g.d.z.s.o.a.h.c.h.i.c.MainClientExec   : ex-00000047: executing POST /v1.32/containers/128f22c426d45daca997e33ea9c3b62928a65a0f376c96d80573176364685d48/start HTTP/1.1
2024-06-12T14:28:40.247+03:00 DEBUG 12012 --- [URL Shortener] [           main] g.d.z.s.o.a.h.c.h.i.c.InternalHttpClient : ep-00000046: start execution ex-00000047
2024-06-12T14:28:40.247+03:00 DEBUG 12012 --- [URL Shortener] [           main] h.i.i.PoolingHttpClientConnectionManager : ep-00000046: executing exchange ex-00000047 over http-outgoing-7
2024-06-12T14:28:40.247+03:00 DEBUG 12012 --- [URL Shortener] [           main] c.g.d.z.s.o.a.hc.client5.http.headers    : http-outgoing-7 >> POST /v1.32/containers/128f22c426d45daca997e33ea9c3b62928a65a0f376c96d80573176364685d48/start HTTP/1.1
2024-06-12T14:28:40.247+03:00 DEBUG 12012 --- [URL Shortener] [           main] c.g.d.z.s.o.a.hc.client5.http.headers    : http-outgoing-7 >> accept: application/json
2024-06-12T14:28:40.247+03:00 DEBUG 12012 --- [URL Shortener] [           main] c.g.d.z.s.o.a.hc.client5.http.headers    : http-outgoing-7 >> content-type: application/json
2024-06-12T14:28:40.247+03:00 DEBUG 12012 --- [URL Shortener] [           main] c.g.d.z.s.o.a.hc.client5.http.headers    : http-outgoing-7 >> x-tc-sid: 7171fa07-21e4-4858-9670-1c8520dc0b21
2024-06-12T14:28:40.247+03:00 DEBUG 12012 --- [URL Shortener] [           main] c.g.d.z.s.o.a.hc.client5.http.headers    : http-outgoing-7 >> User-Agent: tc-java/1.19.8
2024-06-12T14:28:40.247+03:00 DEBUG 12012 --- [URL Shortener] [           main] c.g.d.z.s.o.a.hc.client5.http.headers    : http-outgoing-7 >> Accept-Encoding: gzip, x-gzip, deflate
2024-06-12T14:28:40.247+03:00 DEBUG 12012 --- [URL Shortener] [           main] c.g.d.z.s.o.a.hc.client5.http.headers    : http-outgoing-7 >> Host: localhost:2375
2024-06-12T14:28:40.247+03:00 DEBUG 12012 --- [URL Shortener] [           main] c.g.d.z.s.o.a.hc.client5.http.headers    : http-outgoing-7 >> Connection: keep-alive
2024-06-12T14:28:40.247+03:00 DEBUG 12012 --- [URL Shortener] [           main] c.g.d.z.s.o.apache.hc.client5.http.wire  : http-outgoing-7 >> "POST /v1.32/containers/128f22c426d45daca997e33ea9c3b62928a65a0f376c96d80573176364685d48/start HTTP/1.1[\r][\n]"
2024-06-12T14:28:40.247+03:00 DEBUG 12012 --- [URL Shortener] [           main] c.g.d.z.s.o.apache.hc.client5.http.wire  : http-outgoing-7 >> "accept: application/json[\r][\n]"
2024-06-12T14:28:40.247+03:00 DEBUG 12012 --- [URL Shortener] [           main] c.g.d.z.s.o.apache.hc.client5.http.wire  : http-outgoing-7 >> "content-type: application/json[\r][\n]"
2024-06-12T14:28:40.247+03:00 DEBUG 12012 --- [URL Shortener] [           main] c.g.d.z.s.o.apache.hc.client5.http.wire  : http-outgoing-7 >> "x-tc-sid: 7171fa07-21e4-4858-9670-1c8520dc0b21[\r][\n]"
2024-06-12T14:28:40.247+03:00 DEBUG 12012 --- [URL Shortener] [           main] c.g.d.z.s.o.apache.hc.client5.http.wire  : http-outgoing-7 >> "User-Agent: tc-java/1.19.8[\r][\n]"
2024-06-12T14:28:40.247+03:00 DEBUG 12012 --- [URL Shortener] [           main] c.g.d.z.s.o.apache.hc.client5.http.wire  : http-outgoing-7 >> "Accept-Encoding: gzip, x-gzip, deflate[\r][\n]"
2024-06-12T14:28:40.247+03:00 DEBUG 12012 --- [URL Shortener] [           main] c.g.d.z.s.o.apache.hc.client5.http.wire  : http-outgoing-7 >> "Host: localhost:2375[\r][\n]"
2024-06-12T14:28:40.247+03:00 DEBUG 12012 --- [URL Shortener] [           main] c.g.d.z.s.o.apache.hc.client5.http.wire  : http-outgoing-7 >> "Connection: keep-alive[\r][\n]"
2024-06-12T14:28:40.247+03:00 DEBUG 12012 --- [URL Shortener] [           main] c.g.d.z.s.o.apache.hc.client5.http.wire  : http-outgoing-7 >> "[\r][\n]"
2024-06-12T14:28:40.544+03:00 DEBUG 12012 --- [URL Shortener] [           main] c.g.d.z.s.o.apache.hc.client5.http.wire  : http-outgoing-7 << "HTTP/1.1 204 No Content[\r][\n]"
2024-06-12T14:28:40.545+03:00 DEBUG 12012 --- [URL Shortener] [           main] c.g.d.z.s.o.apache.hc.client5.http.wire  : http-outgoing-7 << "Api-Version: 1.43[\r][\n]"
2024-06-12T14:28:40.545+03:00 DEBUG 12012 --- [URL Shortener] [           main] c.g.d.z.s.o.apache.hc.client5.http.wire  : http-outgoing-7 << "Date: Wed, 12 Jun 2024 11:28:40 GMT[\r][\n]"
2024-06-12T14:28:40.545+03:00 DEBUG 12012 --- [URL Shortener] [           main] c.g.d.z.s.o.apache.hc.client5.http.wire  : http-outgoing-7 << "Docker-Experimental: false[\r][\n]"
2024-06-12T14:28:40.545+03:00 DEBUG 12012 --- [URL Shortener] [           main] c.g.d.z.s.o.apache.hc.client5.http.wire  : http-outgoing-7 << "Ostype: linux[\r][\n]"
2024-06-12T14:28:40.545+03:00 DEBUG 12012 --- [URL Shortener] [           main] c.g.d.z.s.o.apache.hc.client5.http.wire  : http-outgoing-7 << "Server: Docker/24.0.7 (linux)[\r][\n]"
2024-06-12T14:28:40.545+03:00 DEBUG 12012 --- [URL Shortener] [           main] c.g.d.z.s.o.apache.hc.client5.http.wire  : http-outgoing-7 << "[\r][\n]"
2024-06-12T14:28:40.545+03:00 DEBUG 12012 --- [URL Shortener] [           main] c.g.d.z.s.o.a.hc.client5.http.headers    : http-outgoing-7 << HTTP/1.1 204 No Content
2024-06-12T14:28:40.545+03:00 DEBUG 12012 --- [URL Shortener] [           main] c.g.d.z.s.o.a.hc.client5.http.headers    : http-outgoing-7 << Api-Version: 1.43
2024-06-12T14:28:40.545+03:00 DEBUG 12012 --- [URL Shortener] [           main] c.g.d.z.s.o.a.hc.client5.http.headers    : http-outgoing-7 << Date: Wed, 12 Jun 2024 11:28:40 GMT
2024-06-12T14:28:40.545+03:00 DEBUG 12012 --- [URL Shortener] [           main] c.g.d.z.s.o.a.hc.client5.http.headers    : http-outgoing-7 << Docker-Experimental: false
2024-06-12T14:28:40.545+03:00 DEBUG 12012 --- [URL Shortener] [           main] c.g.d.z.s.o.a.hc.client5.http.headers    : http-outgoing-7 << Ostype: linux
2024-06-12T14:28:40.545+03:00 DEBUG 12012 --- [URL Shortener] [           main] c.g.d.z.s.o.a.hc.client5.http.headers    : http-outgoing-7 << Server: Docker/24.0.7 (linux)
2024-06-12T14:28:40.545+03:00 DEBUG 12012 --- [URL Shortener] [           main] c.g.d.z.s.o.a.h.c.h.i.c.MainClientExec   : ex-00000047: connection can be kept alive for 3 MINUTES
2024-06-12T14:28:40.545+03:00 DEBUG 12012 --- [URL Shortener] [           main] g.d.z.s.o.a.h.c.h.i.c.InternalHttpClient : ep-00000046: releasing valid endpoint
2024-06-12T14:28:40.545+03:00 DEBUG 12012 --- [URL Shortener] [           main] h.i.i.PoolingHttpClientConnectionManager : ep-00000046: releasing endpoint
2024-06-12T14:28:40.545+03:00 DEBUG 12012 --- [URL Shortener] [           main] h.i.i.PoolingHttpClientConnectionManager : ep-00000046: connection http-outgoing-7 can be kept alive for 3 MINUTES
2024-06-12T14:28:40.546+03:00 DEBUG 12012 --- [URL Shortener] [           main] h.i.i.PoolingHttpClientConnectionManager : ep-00000046: connection released [route: {}->npipe://localhost:2375][total available: 1; route allocated: 1 of 2147483647; total allocated: 1 of 2147483647]
2024-06-12T14:28:40.546+03:00 DEBUG 12012 --- [URL Shortener] [           main] o.t.s.c.g.d.core.command.AbstrDockerCmd  : Cmd: 128f22c426d45daca997e33ea9c3b62928a65a0f376c96d80573176364685d48,false
2024-06-12T14:28:40.546+03:00 DEBUG 12012 --- [URL Shortener] [           main] o.t.s.c.g.d.c.e.InspectContainerCmdExec  : GET: DefaultWebTarget{path=[/containers/128f22c426d45daca997e33ea9c3b62928a65a0f376c96d80573176364685d48/json], queryParams={}}
2024-06-12T14:28:40.546+03:00 DEBUG 12012 --- [URL Shortener] [           main] g.d.z.s.o.a.h.c.h.i.c.InternalHttpClient : ex-00000048: preparing request execution
2024-06-12T14:28:40.546+03:00 DEBUG 12012 --- [URL Shortener] [           main] c.g.d.z.s.o.a.h.c.h.p.RequestAddCookies  : Cookie spec selected: strict
2024-06-12T14:28:40.546+03:00 DEBUG 12012 --- [URL Shortener] [           main] c.g.d.z.s.o.a.h.c.h.p.RequestAuthCache   : Auth cache not set in the context
2024-06-12T14:28:40.546+03:00 DEBUG 12012 --- [URL Shortener] [           main] c.g.d.z.s.o.a.h.c.h.i.c.ProtocolExec     : ex-00000048: target auth state: UNCHALLENGED
2024-06-12T14:28:40.546+03:00 DEBUG 12012 --- [URL Shortener] [           main] c.g.d.z.s.o.a.h.c.h.i.c.ProtocolExec     : ex-00000048: proxy auth state: UNCHALLENGED
2024-06-12T14:28:40.546+03:00 DEBUG 12012 --- [URL Shortener] [           main] c.g.d.z.s.o.a.h.c.h.i.c.ConnectExec      : ex-00000048: acquiring connection with route {}->npipe://localhost:2375
2024-06-12T14:28:40.547+03:00 DEBUG 12012 --- [URL Shortener] [           main] g.d.z.s.o.a.h.c.h.i.c.InternalHttpClient : ex-00000048: acquiring endpoint (3 MINUTES)
2024-06-12T14:28:40.547+03:00 DEBUG 12012 --- [URL Shortener] [           main] h.i.i.PoolingHttpClientConnectionManager : ex-00000048: endpoint lease request (3 MINUTES) [route: {}->npipe://localhost:2375][total available: 1; route allocated: 1 of 2147483647; total allocated: 1 of 2147483647]
2024-06-12T14:28:40.547+03:00 DEBUG 12012 --- [URL Shortener] [           main] h.i.i.PoolingHttpClientConnectionManager : ex-00000048: endpoint leased [route: {}->npipe://localhost:2375][total available: 0; route allocated: 1 of 2147483647; total allocated: 1 of 2147483647]
2024-06-12T14:28:40.547+03:00 DEBUG 12012 --- [URL Shortener] [           main] h.i.i.PoolingHttpClientConnectionManager : ex-00000048: acquired ep-00000047
2024-06-12T14:28:40.547+03:00 DEBUG 12012 --- [URL Shortener] [           main] g.d.z.s.o.a.h.c.h.i.c.InternalHttpClient : ex-00000048: acquired endpoint ep-00000047
2024-06-12T14:28:40.547+03:00 DEBUG 12012 --- [URL Shortener] [           main] c.g.d.z.s.o.a.h.c.h.i.c.MainClientExec   : ex-00000048: executing GET /v1.32/containers/128f22c426d45daca997e33ea9c3b62928a65a0f376c96d80573176364685d48/json HTTP/1.1
2024-06-12T14:28:40.547+03:00 DEBUG 12012 --- [URL Shortener] [           main] g.d.z.s.o.a.h.c.h.i.c.InternalHttpClient : ep-00000047: start execution ex-00000048
2024-06-12T14:28:40.547+03:00 DEBUG 12012 --- [URL Shortener] [           main] h.i.i.PoolingHttpClientConnectionManager : ep-00000047: executing exchange ex-00000048 over http-outgoing-7
2024-06-12T14:28:40.547+03:00 DEBUG 12012 --- [URL Shortener] [           main] c.g.d.z.s.o.a.hc.client5.http.headers    : http-outgoing-7 >> GET /v1.32/containers/128f22c426d45daca997e33ea9c3b62928a65a0f376c96d80573176364685d48/json HTTP/1.1
2024-06-12T14:28:40.547+03:00 DEBUG 12012 --- [URL Shortener] [           main] c.g.d.z.s.o.a.hc.client5.http.headers    : http-outgoing-7 >> accept: application/json
2024-06-12T14:28:40.547+03:00 DEBUG 12012 --- [URL Shortener] [           main] c.g.d.z.s.o.a.hc.client5.http.headers    : http-outgoing-7 >> x-tc-sid: 7171fa07-21e4-4858-9670-1c8520dc0b21
2024-06-12T14:28:40.547+03:00 DEBUG 12012 --- [URL Shortener] [           main] c.g.d.z.s.o.a.hc.client5.http.headers    : http-outgoing-7 >> User-Agent: tc-java/1.19.8
2024-06-12T14:28:40.547+03:00 DEBUG 12012 --- [URL Shortener] [           main] c.g.d.z.s.o.a.hc.client5.http.headers    : http-outgoing-7 >> Accept-Encoding: gzip, x-gzip, deflate
2024-06-12T14:28:40.547+03:00 DEBUG 12012 --- [URL Shortener] [           main] c.g.d.z.s.o.a.hc.client5.http.headers    : http-outgoing-7 >> Host: localhost:2375
2024-06-12T14:28:40.547+03:00 DEBUG 12012 --- [URL Shortener] [           main] c.g.d.z.s.o.a.hc.client5.http.headers    : http-outgoing-7 >> Connection: keep-alive
2024-06-12T14:28:40.547+03:00 DEBUG 12012 --- [URL Shortener] [           main] c.g.d.z.s.o.apache.hc.client5.http.wire  : http-outgoing-7 >> "GET /v1.32/containers/128f22c426d45daca997e33ea9c3b62928a65a0f376c96d80573176364685d48/json HTTP/1.1[\r][\n]"
2024-06-12T14:28:40.547+03:00 DEBUG 12012 --- [URL Shortener] [           main] c.g.d.z.s.o.apache.hc.client5.http.wire  : http-outgoing-7 >> "accept: application/json[\r][\n]"
2024-06-12T14:28:40.547+03:00 DEBUG 12012 --- [URL Shortener] [           main] c.g.d.z.s.o.apache.hc.client5.http.wire  : http-outgoing-7 >> "x-tc-sid: 7171fa07-21e4-4858-9670-1c8520dc0b21[\r][\n]"
2024-06-12T14:28:40.547+03:00 DEBUG 12012 --- [URL Shortener] [           main] c.g.d.z.s.o.apache.hc.client5.http.wire  : http-outgoing-7 >> "User-Agent: tc-java/1.19.8[\r][\n]"
2024-06-12T14:28:40.547+03:00 DEBUG 12012 --- [URL Shortener] [           main] c.g.d.z.s.o.apache.hc.client5.http.wire  : http-outgoing-7 >> "Accept-Encoding: gzip, x-gzip, deflate[\r][\n]"
2024-06-12T14:28:40.547+03:00 DEBUG 12012 --- [URL Shortener] [           main] c.g.d.z.s.o.apache.hc.client5.http.wire  : http-outgoing-7 >> "Host: localhost:2375[\r][\n]"
2024-06-12T14:28:40.547+03:00 DEBUG 12012 --- [URL Shortener] [           main] c.g.d.z.s.o.apache.hc.client5.http.wire  : http-outgoing-7 >> "Connection: keep-alive[\r][\n]"
2024-06-12T14:28:40.547+03:00 DEBUG 12012 --- [URL Shortener] [           main] c.g.d.z.s.o.apache.hc.client5.http.wire  : http-outgoing-7 >> "[\r][\n]"
2024-06-12T14:28:40.550+03:00 DEBUG 12012 --- [URL Shortener] [           main] c.g.d.z.s.o.apache.hc.client5.http.wire  : http-outgoing-7 << "HTTP/1.1 200 OK[\r][\n]"
2024-06-12T14:28:40.550+03:00 DEBUG 12012 --- [URL Shortener] [           main] c.g.d.z.s.o.apache.hc.client5.http.wire  : http-outgoing-7 << "Api-Version: 1.43[\r][\n]"
2024-06-12T14:28:40.550+03:00 DEBUG 12012 --- [URL Shortener] [           main] c.g.d.z.s.o.apache.hc.client5.http.wire  : http-outgoing-7 << "Content-Type: application/json[\r][\n]"
2024-06-12T14:28:40.550+03:00 DEBUG 12012 --- [URL Shortener] [           main] c.g.d.z.s.o.apache.hc.client5.http.wire  : http-outgoing-7 << "Date: Wed, 12 Jun 2024 11:28:40 GMT[\r][\n]"
2024-06-12T14:28:40.550+03:00 DEBUG 12012 --- [URL Shortener] [           main] c.g.d.z.s.o.apache.hc.client5.http.wire  : http-outgoing-7 << "Docker-Experimental: false[\r][\n]"
2024-06-12T14:28:40.550+03:00 DEBUG 12012 --- [URL Shortener] [           main] c.g.d.z.s.o.apache.hc.client5.http.wire  : http-outgoing-7 << "Ostype: linux[\r][\n]"
2024-06-12T14:28:40.550+03:00 DEBUG 12012 --- [URL Shortener] [           main] c.g.d.z.s.o.apache.hc.client5.http.wire  : http-outgoing-7 << "Server: Docker/24.0.7 (linux)[\r][\n]"
2024-06-12T14:28:40.550+03:00 DEBUG 12012 --- [URL Shortener] [           main] c.g.d.z.s.o.apache.hc.client5.http.wire  : http-outgoing-7 << "Transfer-Encoding: chunked[\r][\n]"
2024-06-12T14:28:40.550+03:00 DEBUG 12012 --- [URL Shortener] [           main] c.g.d.z.s.o.apache.hc.client5.http.wire  : http-outgoing-7 << "[\r][\n]"
2024-06-12T14:28:40.550+03:00 DEBUG 12012 --- [URL Shortener] [           main] c.g.d.z.s.o.a.hc.client5.http.headers    : http-outgoing-7 << HTTP/1.1 200 OK
2024-06-12T14:28:40.550+03:00 DEBUG 12012 --- [URL Shortener] [           main] c.g.d.z.s.o.a.hc.client5.http.headers    : http-outgoing-7 << Api-Version: 1.43
2024-06-12T14:28:40.550+03:00 DEBUG 12012 --- [URL Shortener] [           main] c.g.d.z.s.o.a.hc.client5.http.headers    : http-outgoing-7 << Content-Type: application/json
2024-06-12T14:28:40.550+03:00 DEBUG 12012 --- [URL Shortener] [           main] c.g.d.z.s.o.a.hc.client5.http.headers    : http-outgoing-7 << Date: Wed, 12 Jun 2024 11:28:40 GMT
2024-06-12T14:28:40.550+03:00 DEBUG 12012 --- [URL Shortener] [           main] c.g.d.z.s.o.a.hc.client5.http.headers    : http-outgoing-7 << Docker-Experimental: false
2024-06-12T14:28:40.550+03:00 DEBUG 12012 --- [URL Shortener] [           main] c.g.d.z.s.o.a.hc.client5.http.headers    : http-outgoing-7 << Ostype: linux
2024-06-12T14:28:40.550+03:00 DEBUG 12012 --- [URL Shortener] [           main] c.g.d.z.s.o.a.hc.client5.http.headers    : http-outgoing-7 << Server: Docker/24.0.7 (linux)
2024-06-12T14:28:40.550+03:00 DEBUG 12012 --- [URL Shortener] [           main] c.g.d.z.s.o.a.hc.client5.http.headers    : http-outgoing-7 << Transfer-Encoding: chunked
2024-06-12T14:28:40.550+03:00 DEBUG 12012 --- [URL Shortener] [           main] c.g.d.z.s.o.a.h.c.h.i.c.MainClientExec   : ex-00000048: connection can be kept alive for 3 MINUTES
2024-06-12T14:28:40.551+03:00 DEBUG 12012 --- [URL Shortener] [           main] c.g.d.z.s.o.apache.hc.client5.http.wire  : http-outgoing-7 << "1a2c[\r][\n]"
2024-06-12T14:28:40.551+03:00 DEBUG 12012 --- [URL Shortener] [           main] c.g.d.z.s.o.apache.hc.client5.http.wire  : http-outgoing-7 << "{"Id":"128f22c426d45daca997e33ea9c3b62928a65a0f376c96d80573176364685d48","Created":"2024-06-12T11:28:40.186690474Z","Path":"docker-entrypoint.sh","Args":["postgres","-c","fsync=off"],"State":{"Status":"running","Running":true,"Paused":false,"Restarting":false,"OOMKilled":false,"Dead":false,"Pid":3409,"ExitCode":0,"Error":"","StartedAt":"2024-06-12T11:28:40.537033968Z","FinishedAt":"0001-01-01T00:00:00Z"},"Image":"sha256:cff6b68a194a672fd337d8728bfb252071012cce6f0f2ed760988f7bc63a89d2","ResolvConfPath":"/var/lib/docker/containers/128f22c426d45daca997e33ea9c3b62928a65a0f376c96d80573176364685d48/resolv.conf","HostnamePath":"/var/lib/docker/containers/128f22c426d45daca997e33ea9c3b62928a65a0f376c96d80573176364685d48/hostname","HostsPath":"/var/lib/docker/containers/128f22c426d45daca997e33ea9c3b62928a65a0f376c96d80573176364685d48/hosts","LogPath":"/var/lib/docker/containers/128f22c426d45daca997e33ea9c3b62928a65a0f376c96d80573176364685d48/128f22c426d45daca997e33ea9c3b62928a65a0f376c96d80573176364685d48-json.log","Name":"/modest_johnson","RestartCount":0,"Driver":"overlay2","Platform":"linux","MountLabel":"","ProcessLabel":"","AppArmorProfile":"","ExecIDs":null,"HostConfig":{"Binds":[],"ContainerIDFile":"","LogConfig":{"Type":"json-file","Config":{}},"NetworkMode":"default","PortBindings":{"5432/tcp":[{"HostIp":"0.0.0.0","HostPort":"0"}]},"RestartPolicy":{"Name":"","MaximumRetryCount":0},"AutoRemove":false,"VolumeDriver":"","VolumesFrom":[],"ConsoleSize":[0,0],"CapAdd":null,"CapDrop":null,"CgroupnsMode":"host","Dns":null,"DnsOptions":null,"DnsSearch":null,"ExtraHosts":[],"GroupAdd":null,"IpcMode":"shareable","Cgroup":"","Links":null,"OomScoreAdj":0,"PidMode":"","Privileged":false,"PublishAllPorts":false,"ReadonlyRootfs":false,"SecurityOpt":null,"UTSMode":"","UsernsMode":"","ShmSize":67108864,"Runtime":"runc","Isolation":"","CpuShares":0,"Memory":0,"NanoCpus":0,"CgroupParent":"","BlkioWeight":0,"BlkioWeightDevice":null,"BlkioDeviceReadBps":null,"BlkioDeviceWriteBps":null,"BlkioDeviceReadIOps":null,"BlkioDeviceWriteIOps":null,"CpuPeriod":0,"CpuQuota":0,"CpuRealtimePeriod":0,"CpuRealtimeRuntime":0,"CpusetCpus":"","CpusetMems":"","Devices":null,"DeviceCgroupRules":null,"DeviceRequests":null,"MemoryReservation":0,"MemorySwap":0,"MemorySwappiness":null,"OomKillDisable":false,"PidsLimit":null,"Ulimits":null,"CpuCount":0,"CpuPercent":0,"IOMaximumIOps":0,"IOMaximumBandwidth":0,"MaskedPaths":["/proc/asound","/proc/acpi","/proc/kcore","/proc/keys","/proc/latency_stats","/proc/timer_list","/proc/timer_stats","/proc/sched_debug","/proc/scsi","/sys/firmware","/sys/devices/virtual/powercap"],"ReadonlyPaths":["/proc/bus","/proc/fs","/proc/irq","/proc/sys","/proc/sysrq-trigger"]},"GraphDriver":{"Data":{"LowerDir":"/var/lib/docker/overlay2/09d2f644372b27643cf8b079912aca7e0472a8edec5ca8564974e7e631a78aa9-init/diff:/var/lib/docker/overlay2/db451d0433a46fa45e17cc0eae406c512a577a19aed597a6dcd152aa60abc9db/diff:/var/lib/docker/overlay2/2cbe3a1a11481afc7adee257a96fbd885a65a5a6b7f47a4b9e39ab13d617ed9f/diff:/var/lib/docker/overlay2/34f0f2835c7fab192b0a09fbaa35e3fde336f3a21db4d551ecb5744f35f022d8/diff:/var/lib/docker/overlay2/91c1ab49fbf459c6ac614f4f21e302f21d4a65eae0c0df9e5fd257fec8b8dac7/diff:/var/lib/docker/overlay2/c047fdb7a36e3127654f971b9e00f52a192b9425d14315e2be62531cbf859c1c/diff:/var/lib/docker/overlay2/f17ff6a2434319a3d0da9c06f159a651e34677f6555cedd9fa5cd4a243a4cf00/diff:/var/lib/docker/overlay2/d3896bdbfb55d53cc96483830bf86d746e709698c5870461b76a606235034e2c/diff:/var/lib/docker/overlay2/17bbcad0aa3d49db9143caa84bf36ac80a1e2abb4465494be53788fdf15136bc/diff:/var/lib/docker/overlay2/d3ba0002826ba8dc8a50ec5b5f40f8eeecc49aed69b7e4852b2c17d4e3bc7673/diff:/var/lib/docker/overlay2/b025c0d3f178bdae3585ff4493fb402ddac780bb0dc86a6e2a4bd16fd5df4fd0/diff:/var/lib/docker/overlay2/b34b03430c91db007405bdcdabdee4d661413c4a546d47aa4933ae256c8c1f83/diff:/var/lib/docker/overlay2/d4b461868c979b00a1a4f4e75535982f2a3b2f76c5b58eae99e5b0523fc10465/diff:/var/lib/docker/overlay2/a2edc56609840a14728ce10afbb50ca5b6a9dcfe1138d7a04954c1b2dfcd9724/diff:/var/lib/docker/"
2024-06-12T14:28:40.551+03:00 DEBUG 12012 --- [URL Shortener] [           main] c.g.d.z.s.o.apache.hc.client5.http.wire  : http-outgoing-7 << "overlay2/1d7e1c282144b7b877f2e2cfc223d536f406a3e5cf43804aff3d6b54f674eee8/diff","MergedDir":"/var/lib/docker/overlay2/09d2f644372b27643cf8b079912aca7e0472a8edec5ca8564974e7e631a78aa9/merged","UpperDir":"/var/lib/docker/overlay2/09d2f644372b27643cf8b079912aca7e0472a8edec5ca8564974e7e631a78aa9/diff","WorkDir":"/var/lib/docker/overlay2/09d2f644372b27643cf8b079912aca7e0472a8edec5ca8564974e7e631a78aa9/work"},"Name":"overlay2"},"Mounts":[{"Type":"volume","Name":"3574d884f9867df1ecd8662dc91d29b5afce1c0f6fab5317226e9473e9b116ee","Source":"/var/lib/docker/volumes/3574d884f9867df1ecd8662dc91d29b5afce1c0f6fab5317226e9473e9b116ee/_data","Destination":"/var/lib/postgresql/data","Driver":"local","Mode":"","RW":true,"Propagation":""}],"Config":{"Hostname":"128f22c426d4","Domainname":"","User":"","AttachStdin":false,"AttachStdout":false,"AttachStderr":false,"ExposedPorts":{"5432/tcp":{}},"Tty":false,"OpenStdin":false,"StdinOnce":false,"Env":["POSTGRES_USER=testuser","POSTGRES_PASSWORD=testpass","POSTGRES_DB=testdb","PATH=/usr/local/sbin:/usr/local/bin:/usr/sbin:/usr/bin:/sbin:/bin:/usr/lib/postgresql/16/bin","GOSU_VERSION=1.17","LANG=en_US.utf8","PG_MAJOR=16","PG_VERSION=16.3-1.pgdg120+1","PGDATA=/var/lib/postgresql/data"],"Cmd":["postgres","-c","fsync=off"],"Image":"postgres:latest","Volumes":{"/var/lib/postgresql/data":{}},"WorkingDir":"","Entrypoint":["docker-entrypoint.sh"],"OnBuild":null,"Labels":{"org.testcontainers":"true","org.testcontainers.lang":"java","org.testcontainers.sessionId":"7171fa07-21e4-4858-9670-1c8520dc0b21","org.testcontainers.version":"1.19.8"},"StopSignal":"SIGINT"},"NetworkSettings":{"Bridge":"","SandboxID":"29659b64971e03fad57c28c696096d3dec7d03cb77c8938c82e82e8c98523aab","HairpinMode":false,"LinkLocalIPv6Address":"","LinkLocalIPv6PrefixLen":0,"Ports":{"5432/tcp":[{"HostIp":"0.0.0.0","HostPort":"51223"}]},"SandboxKey":"/var/run/docker/netns/29659b64971e","SecondaryIPAddresses":null,"SecondaryIPv6Addresses":null,"EndpointID":"3210ff9161a13cd60610d55d12bfbb5f8c81a8ab6235076e8910c40ca6b31b4f","Gateway":"172.17.0.1","GlobalIPv6Address":"","GlobalIPv6PrefixLen":0,"IPAddress":"172.17.0.3","IPPrefixLen":16,"IPv6Gateway":"","MacAddress":"02:42:ac:11:00:03","Networks":{"bridge":{"IPAMConfig":null,"Links":null,"Aliases":null,"MacAddress":"02:42:ac:11:00:03","NetworkID":"9daa7fca6b6cbb5c2be934cabaa56953e265b86a191774f7c7502906e8f1d0b7","EndpointID":"3210ff9161a13cd60610d55d12bfbb5f8c81a8ab6235076e8910c40ca6b31b4f","Gateway":"172.17.0.1","IPAddress":"172.17.0.3","IPPrefixLen":16,"IPv6Gateway":"","GlobalIPv6Address":"","GlobalIPv6PrefixLen":0,"DriverOpts":null}}}}[\n]"
2024-06-12T14:28:40.552+03:00 DEBUG 12012 --- [URL Shortener] [           main] c.g.d.z.s.o.apache.hc.client5.http.wire  : http-outgoing-7 << "[\r][\n]"
2024-06-12T14:28:40.552+03:00 DEBUG 12012 --- [URL Shortener] [           main] c.g.d.z.s.o.apache.hc.client5.http.wire  : http-outgoing-7 << "0[\r][\n]"
2024-06-12T14:28:40.552+03:00 DEBUG 12012 --- [URL Shortener] [           main] c.g.d.z.s.o.apache.hc.client5.http.wire  : http-outgoing-7 << "[\r][\n]"
2024-06-12T14:28:40.552+03:00 DEBUG 12012 --- [URL Shortener] [           main] g.d.z.s.o.a.h.c.h.i.c.InternalHttpClient : ep-00000047: releasing valid endpoint
2024-06-12T14:28:40.552+03:00 DEBUG 12012 --- [URL Shortener] [           main] h.i.i.PoolingHttpClientConnectionManager : ep-00000047: releasing endpoint
2024-06-12T14:28:40.552+03:00 DEBUG 12012 --- [URL Shortener] [           main] h.i.i.PoolingHttpClientConnectionManager : ep-00000047: connection http-outgoing-7 can be kept alive for 3 MINUTES
2024-06-12T14:28:40.552+03:00 DEBUG 12012 --- [URL Shortener] [           main] h.i.i.PoolingHttpClientConnectionManager : ep-00000047: connection released [route: {}->npipe://localhost:2375][total available: 1; route allocated: 1 of 2147483647; total allocated: 1 of 2147483647]
2024-06-12T14:28:40.552+03:00 DEBUG 12012 --- [URL Shortener] [           main] o.t.s.c.g.d.core.command.AbstrDockerCmd  : Cmd: sha256:cff6b68a194a672fd337d8728bfb252071012cce6f0f2ed760988f7bc63a89d2
2024-06-12T14:28:40.553+03:00 DEBUG 12012 --- [URL Shortener] [           main] g.d.z.s.o.a.h.c.h.i.c.InternalHttpClient : ex-00000049: preparing request execution
2024-06-12T14:28:40.553+03:00 DEBUG 12012 --- [URL Shortener] [           main] c.g.d.z.s.o.a.h.c.h.p.RequestAddCookies  : Cookie spec selected: strict
2024-06-12T14:28:40.553+03:00 DEBUG 12012 --- [URL Shortener] [           main] c.g.d.z.s.o.a.h.c.h.p.RequestAuthCache   : Auth cache not set in the context
2024-06-12T14:28:40.553+03:00 DEBUG 12012 --- [URL Shortener] [           main] c.g.d.z.s.o.a.h.c.h.i.c.ProtocolExec     : ex-00000049: target auth state: UNCHALLENGED
2024-06-12T14:28:40.553+03:00 DEBUG 12012 --- [URL Shortener] [           main] c.g.d.z.s.o.a.h.c.h.i.c.ProtocolExec     : ex-00000049: proxy auth state: UNCHALLENGED
2024-06-12T14:28:40.553+03:00 DEBUG 12012 --- [URL Shortener] [           main] c.g.d.z.s.o.a.h.c.h.i.c.ConnectExec      : ex-00000049: acquiring connection with route {}->npipe://localhost:2375
2024-06-12T14:28:40.553+03:00 DEBUG 12012 --- [URL Shortener] [           main] g.d.z.s.o.a.h.c.h.i.c.InternalHttpClient : ex-00000049: acquiring endpoint (3 MINUTES)
2024-06-12T14:28:40.553+03:00 DEBUG 12012 --- [URL Shortener] [           main] h.i.i.PoolingHttpClientConnectionManager : ex-00000049: endpoint lease request (3 MINUTES) [route: {}->npipe://localhost:2375][total available: 1; route allocated: 1 of 2147483647; total allocated: 1 of 2147483647]
2024-06-12T14:28:40.553+03:00 DEBUG 12012 --- [URL Shortener] [           main] h.i.i.PoolingHttpClientConnectionManager : ex-00000049: endpoint leased [route: {}->npipe://localhost:2375][total available: 0; route allocated: 1 of 2147483647; total allocated: 1 of 2147483647]
2024-06-12T14:28:40.553+03:00 DEBUG 12012 --- [URL Shortener] [           main] h.i.i.PoolingHttpClientConnectionManager : ex-00000049: acquired ep-00000048
2024-06-12T14:28:40.553+03:00 DEBUG 12012 --- [URL Shortener] [           main] g.d.z.s.o.a.h.c.h.i.c.InternalHttpClient : ex-00000049: acquired endpoint ep-00000048
2024-06-12T14:28:40.553+03:00 DEBUG 12012 --- [URL Shortener] [           main] c.g.d.z.s.o.a.h.c.h.i.c.MainClientExec   : ex-00000049: executing GET /v1.32/images/sha256:cff6b68a194a672fd337d8728bfb252071012cce6f0f2ed760988f7bc63a89d2/json HTTP/1.1
2024-06-12T14:28:40.553+03:00 DEBUG 12012 --- [URL Shortener] [           main] g.d.z.s.o.a.h.c.h.i.c.InternalHttpClient : ep-00000048: start execution ex-00000049
2024-06-12T14:28:40.553+03:00 DEBUG 12012 --- [URL Shortener] [           main] h.i.i.PoolingHttpClientConnectionManager : ep-00000048: executing exchange ex-00000049 over http-outgoing-7
2024-06-12T14:28:40.553+03:00 DEBUG 12012 --- [URL Shortener] [           main] c.g.d.z.s.o.a.hc.client5.http.headers    : http-outgoing-7 >> GET /v1.32/images/sha256:cff6b68a194a672fd337d8728bfb252071012cce6f0f2ed760988f7bc63a89d2/json HTTP/1.1
2024-06-12T14:28:40.553+03:00 DEBUG 12012 --- [URL Shortener] [           main] c.g.d.z.s.o.a.hc.client5.http.headers    : http-outgoing-7 >> accept: application/json
2024-06-12T14:28:40.553+03:00 DEBUG 12012 --- [URL Shortener] [           main] c.g.d.z.s.o.a.hc.client5.http.headers    : http-outgoing-7 >> x-tc-sid: 7171fa07-21e4-4858-9670-1c8520dc0b21
2024-06-12T14:28:40.553+03:00 DEBUG 12012 --- [URL Shortener] [           main] c.g.d.z.s.o.a.hc.client5.http.headers    : http-outgoing-7 >> User-Agent: tc-java/1.19.8
2024-06-12T14:28:40.553+03:00 DEBUG 12012 --- [URL Shortener] [           main] c.g.d.z.s.o.a.hc.client5.http.headers    : http-outgoing-7 >> Accept-Encoding: gzip, x-gzip, deflate
2024-06-12T14:28:40.553+03:00 DEBUG 12012 --- [URL Shortener] [           main] c.g.d.z.s.o.a.hc.client5.http.headers    : http-outgoing-7 >> Host: localhost:2375
2024-06-12T14:28:40.553+03:00 DEBUG 12012 --- [URL Shortener] [           main] c.g.d.z.s.o.a.hc.client5.http.headers    : http-outgoing-7 >> Connection: keep-alive
2024-06-12T14:28:40.553+03:00 DEBUG 12012 --- [URL Shortener] [           main] c.g.d.z.s.o.apache.hc.client5.http.wire  : http-outgoing-7 >> "GET /v1.32/images/sha256:cff6b68a194a672fd337d8728bfb252071012cce6f0f2ed760988f7bc63a89d2/json HTTP/1.1[\r][\n]"
2024-06-12T14:28:40.553+03:00 DEBUG 12012 --- [URL Shortener] [           main] c.g.d.z.s.o.apache.hc.client5.http.wire  : http-outgoing-7 >> "accept: application/json[\r][\n]"
2024-06-12T14:28:40.553+03:00 DEBUG 12012 --- [URL Shortener] [           main] c.g.d.z.s.o.apache.hc.client5.http.wire  : http-outgoing-7 >> "x-tc-sid: 7171fa07-21e4-4858-9670-1c8520dc0b21[\r][\n]"
2024-06-12T14:28:40.553+03:00 DEBUG 12012 --- [URL Shortener] [           main] c.g.d.z.s.o.apache.hc.client5.http.wire  : http-outgoing-7 >> "User-Agent: tc-java/1.19.8[\r][\n]"
2024-06-12T14:28:40.553+03:00 DEBUG 12012 --- [URL Shortener] [           main] c.g.d.z.s.o.apache.hc.client5.http.wire  : http-outgoing-7 >> "Accept-Encoding: gzip, x-gzip, deflate[\r][\n]"
2024-06-12T14:28:40.553+03:00 DEBUG 12012 --- [URL Shortener] [           main] c.g.d.z.s.o.apache.hc.client5.http.wire  : http-outgoing-7 >> "Host: localhost:2375[\r][\n]"
2024-06-12T14:28:40.553+03:00 DEBUG 12012 --- [URL Shortener] [           main] c.g.d.z.s.o.apache.hc.client5.http.wire  : http-outgoing-7 >> "Connection: keep-alive[\r][\n]"
2024-06-12T14:28:40.553+03:00 DEBUG 12012 --- [URL Shortener] [           main] c.g.d.z.s.o.apache.hc.client5.http.wire  : http-outgoing-7 >> "[\r][\n]"
2024-06-12T14:28:40.557+03:00 DEBUG 12012 --- [URL Shortener] [           main] c.g.d.z.s.o.apache.hc.client5.http.wire  : http-outgoing-7 << "HTTP/1.1 200 OK[\r][\n]"
2024-06-12T14:28:40.557+03:00 DEBUG 12012 --- [URL Shortener] [           main] c.g.d.z.s.o.apache.hc.client5.http.wire  : http-outgoing-7 << "Api-Version: 1.43[\r][\n]"
2024-06-12T14:28:40.557+03:00 DEBUG 12012 --- [URL Shortener] [           main] c.g.d.z.s.o.apache.hc.client5.http.wire  : http-outgoing-7 << "Content-Type: application/json[\r][\n]"
2024-06-12T14:28:40.557+03:00 DEBUG 12012 --- [URL Shortener] [           main] c.g.d.z.s.o.apache.hc.client5.http.wire  : http-outgoing-7 << "Date: Wed, 12 Jun 2024 11:28:40 GMT[\r][\n]"
2024-06-12T14:28:40.557+03:00 DEBUG 12012 --- [URL Shortener] [           main] c.g.d.z.s.o.apache.hc.client5.http.wire  : http-outgoing-7 << "Docker-Experimental: false[\r][\n]"
2024-06-12T14:28:40.557+03:00 DEBUG 12012 --- [URL Shortener] [           main] c.g.d.z.s.o.apache.hc.client5.http.wire  : http-outgoing-7 << "Ostype: linux[\r][\n]"
2024-06-12T14:28:40.557+03:00 DEBUG 12012 --- [URL Shortener] [           main] c.g.d.z.s.o.apache.hc.client5.http.wire  : http-outgoing-7 << "Server: Docker/24.0.7 (linux)[\r][\n]"
2024-06-12T14:28:40.557+03:00 DEBUG 12012 --- [URL Shortener] [           main] c.g.d.z.s.o.apache.hc.client5.http.wire  : http-outgoing-7 << "Transfer-Encoding: chunked[\r][\n]"
2024-06-12T14:28:40.557+03:00 DEBUG 12012 --- [URL Shortener] [           main] c.g.d.z.s.o.apache.hc.client5.http.wire  : http-outgoing-7 << "[\r][\n]"
2024-06-12T14:28:40.557+03:00 DEBUG 12012 --- [URL Shortener] [           main] c.g.d.z.s.o.a.hc.client5.http.headers    : http-outgoing-7 << HTTP/1.1 200 OK
2024-06-12T14:28:40.557+03:00 DEBUG 12012 --- [URL Shortener] [           main] c.g.d.z.s.o.a.hc.client5.http.headers    : http-outgoing-7 << Api-Version: 1.43
2024-06-12T14:28:40.557+03:00 DEBUG 12012 --- [URL Shortener] [           main] c.g.d.z.s.o.a.hc.client5.http.headers    : http-outgoing-7 << Content-Type: application/json
2024-06-12T14:28:40.557+03:00 DEBUG 12012 --- [URL Shortener] [           main] c.g.d.z.s.o.a.hc.client5.http.headers    : http-outgoing-7 << Date: Wed, 12 Jun 2024 11:28:40 GMT
2024-06-12T14:28:40.557+03:00 DEBUG 12012 --- [URL Shortener] [           main] c.g.d.z.s.o.a.hc.client5.http.headers    : http-outgoing-7 << Docker-Experimental: false
2024-06-12T14:28:40.557+03:00 DEBUG 12012 --- [URL Shortener] [           main] c.g.d.z.s.o.a.hc.client5.http.headers    : http-outgoing-7 << Ostype: linux
2024-06-12T14:28:40.557+03:00 DEBUG 12012 --- [URL Shortener] [           main] c.g.d.z.s.o.a.hc.client5.http.headers    : http-outgoing-7 << Server: Docker/24.0.7 (linux)
2024-06-12T14:28:40.557+03:00 DEBUG 12012 --- [URL Shortener] [           main] c.g.d.z.s.o.a.hc.client5.http.headers    : http-outgoing-7 << Transfer-Encoding: chunked
2024-06-12T14:28:40.557+03:00 DEBUG 12012 --- [URL Shortener] [           main] c.g.d.z.s.o.a.h.c.h.i.c.MainClientExec   : ex-00000049: connection can be kept alive for 3 MINUTES
2024-06-12T14:28:40.557+03:00 DEBUG 12012 --- [URL Shortener] [           main] c.g.d.z.s.o.apache.hc.client5.http.wire  : http-outgoing-7 << "fcb[\r][\n]"
2024-06-12T14:28:40.557+03:00 DEBUG 12012 --- [URL Shortener] [           main] c.g.d.z.s.o.apache.hc.client5.http.wire  : http-outgoing-7 << "{"Id":"sha256:cff6b68a194a672fd337d8728bfb252071012cce6f0f2ed760988f7bc63a89d2","RepoTags":["postgres:latest"],"RepoDigests":["postgres@sha256:1bf73ccae25238fa555100080042f0b2f9be08eb757e200fe6afc1fc413a1b3c"],"Parent":"","Comment":"buildkit.dockerfile.v0","Created":"2024-05-09T18:58:11Z","Container":"","ContainerConfig":{"Hostname":"","Domainname":"","User":"","AttachStdin":false,"AttachStdout":false,"AttachStderr":false,"Tty":false,"OpenStdin":false,"StdinOnce":false,"Env":null,"Cmd":null,"Image":"","Volumes":null,"WorkingDir":"","Entrypoint":null,"OnBuild":null,"Labels":null},"DockerVersion":"","Author":"","Config":{"Hostname":"","Domainname":"","User":"","AttachStdin":false,"AttachStdout":false,"AttachStderr":false,"ExposedPorts":{"5432/tcp":{}},"Tty":false,"OpenStdin":false,"StdinOnce":false,"Env":["PATH=/usr/local/sbin:/usr/local/bin:/usr/sbin:/usr/bin:/sbin:/bin:/usr/lib/postgresql/16/bin","GOSU_VERSION=1.17","LANG=en_US.utf8","PG_MAJOR=16","PG_VERSION=16.3-1.pgdg120+1","PGDATA=/var/lib/postgresql/data"],"Cmd":["postgres"],"ArgsEscaped":true,"Image":"","Volumes":{"/var/lib/postgresql/data":{}},"WorkingDir":"","Entrypoint":["docker-entrypoint.sh"],"OnBuild":null,"Labels":null,"StopSignal":"SIGINT"},"Architecture":"amd64","Os":"linux","Size":431653614,"VirtualSize":431653614,"GraphDriver":{"Data":{"LowerDir":"/var/lib/docker/overlay2/2cbe3a1a11481afc7adee257a96fbd885a65a5a6b7f47a4b9e39ab13d617ed9f/diff:/var/lib/docker/overlay2/34f0f2835c7fab192b0a09fbaa35e3fde336f3a21db4d551ecb5744f35f022d8/diff:/var/lib/docker/overlay2/91c1ab49fbf459c6ac614f4f21e302f21d4a65eae0c0df9e5fd257fec8b8dac7/diff:/var/lib/docker/overlay2/c047fdb7a36e3127654f971b9e00f52a192b9425d14315e2be62531cbf859c1c/diff:/var/lib/docker/overlay2/f17ff6a2434319a3d0da9c06f159a651e34677f6555cedd9fa5cd4a243a4cf00/diff:/var/lib/docker/overlay2/d3896bdbfb55d53cc96483830bf86d746e709698c5870461b76a606235034e2c/diff:/var/lib/docker/overlay2/17bbcad0aa3d49db9143caa84bf36ac80a1e2abb4465494be53788fdf15136bc/diff:/var/lib/docker/overlay2/d3ba0002826ba8dc8a50ec5b5f40f8eeecc49aed69b7e4852b2c17d4e3bc7673/diff:/var/lib/docker/overlay2/b025c0d3f178bdae3585ff4493fb402ddac780bb0dc86a6e2a4bd16fd5df4fd0/diff:/var/lib/docker/overlay2/b34b03430c91db007405bdcdabdee4d661413c4a546d47aa4933ae256c8c1f83/diff:/var/lib/docker/overlay2/d4b461868c979b00a1a4f4e75535982f2a3b2f76c5b58eae99e5b0523fc10465/diff:/var/lib/docker/overlay2/a2edc56609840a14728ce10afbb50ca5b6a9dcfe1138d7a04954c1b2dfcd9724/diff:/var/lib/docker/overlay2/1d7e1c282144b7b877f2e2cfc223d536f406a3e5cf43804aff3d6b54f674eee8/diff","MergedDir":"/var/lib/docker/overlay2/db451d0433a46fa45e17cc0eae406c512a577a19aed597a6dcd152aa60abc9db/merged","UpperDir":"/var/lib/docker/overlay2/db451d0433a46fa45e17cc0eae406c512a577a19aed597a6dcd152aa60abc9db/diff","WorkDir":"/var/lib/docker/overlay2/db451d0433a46fa45e17cc0eae406c512a577a19aed597a6dcd152aa60abc9db/work"},"Name":"overlay2"},"RootFS":{"Type":"layers","Layers":["sha256:5d4427064ecc46e3c2add169e9b5eafc7ed2be7861081ec925938ab628ac0e25","sha256:57894dcaf5108dedc56cc6ab4fd1d8d472ae2accacdd6eab44c0c4243ba62a09","sha256:9af485ccec7d0f90c6080635fb714feaf1b360de056de3e04c0bdd17c74cc6ed","sha256:f17a5779355c3023eec438611def97db7084a827162127cd2752c1439d60a0b0","sha256:cbb41ec61839ae723b8f2e990047a7bfe1aa0b03c48ab2697be25cf6ee6c8486","sha256:ce09ab8e7a22a84fe4ec04bfe2e5554795a8676096710b41e1743097f9d32ac6","sha256:ad0852652b20792ec91e18d238c592ea10d8403d9209ee0f4fa96acb75b1d354","sha256:1c2f607c2a1eb2ebee1408395e389d84dc4df1e90d2ec9040998a5cb59026b13","sha256:92d4f28dafb9282ea143c07e9233550221e24de0f5e34594b62b907830fb4e9d","sha256:90cc38f521435434e484909fba474692b9bac55b15ddc38b3ca63dd45781ee67","sha256:d4e5929810590bf951a872f05fb700c1d05fe163ae0035a20a3f53bd9f608667","sha256:ecb659300c0050b257e8629822212cf3dca810c7ebd43837fd3e4c988a3cf0e1","sha256:9690a18c63c8789ce0003f0da355ee393b9100185a2c5d0b8967ed0dd582096b","sha256:ea50a959d3b14f43d71eb7835f63db1273f982dbefdedc9638ec2326d027ae35"]},"Metadata":{"LastTagTime":"0001-01-01T00:00:00Z"}}[\n]"
2024-06-12T14:28:40.557+03:00 DEBUG 12012 --- [URL Shortener] [           main] c.g.d.z.s.o.apache.hc.client5.http.wire  : http-outgoing-7 << "[\r][\n]"
2024-06-12T14:28:40.557+03:00 DEBUG 12012 --- [URL Shortener] [           main] c.g.d.z.s.o.apache.hc.client5.http.wire  : http-outgoing-7 << "0[\r][\n]"
2024-06-12T14:28:40.557+03:00 DEBUG 12012 --- [URL Shortener] [           main] c.g.d.z.s.o.apache.hc.client5.http.wire  : http-outgoing-7 << "[\r][\n]"
2024-06-12T14:28:40.558+03:00 DEBUG 12012 --- [URL Shortener] [           main] g.d.z.s.o.a.h.c.h.i.c.InternalHttpClient : ep-00000048: releasing valid endpoint
2024-06-12T14:28:40.558+03:00 DEBUG 12012 --- [URL Shortener] [           main] h.i.i.PoolingHttpClientConnectionManager : ep-00000048: releasing endpoint
2024-06-12T14:28:40.558+03:00 DEBUG 12012 --- [URL Shortener] [           main] h.i.i.PoolingHttpClientConnectionManager : ep-00000048: connection http-outgoing-7 can be kept alive for 3 MINUTES
2024-06-12T14:28:40.558+03:00 DEBUG 12012 --- [URL Shortener] [           main] h.i.i.PoolingHttpClientConnectionManager : ep-00000048: connection released [route: {}->npipe://localhost:2375][total available: 1; route allocated: 1 of 2147483647; total allocated: 1 of 2147483647]
2024-06-12T14:28:40.558+03:00 DEBUG 12012 --- [URL Shortener] [           main] o.t.s.c.g.d.core.command.AbstrDockerCmd  : Cmd: 
2024-06-12T14:28:40.558+03:00 DEBUG 12012 --- [URL Shortener] [           main] g.d.z.s.o.a.h.c.h.i.c.InternalHttpClient : ex-0000004A: preparing request execution
2024-06-12T14:28:40.558+03:00 DEBUG 12012 --- [URL Shortener] [           main] c.g.d.z.s.o.a.h.c.h.p.RequestAddCookies  : Cookie spec selected: strict
2024-06-12T14:28:40.558+03:00 DEBUG 12012 --- [URL Shortener] [           main] c.g.d.z.s.o.a.h.c.h.p.RequestAuthCache   : Auth cache not set in the context
2024-06-12T14:28:40.558+03:00 DEBUG 12012 --- [URL Shortener] [           main] c.g.d.z.s.o.a.h.c.h.i.c.ProtocolExec     : ex-0000004A: target auth state: UNCHALLENGED
2024-06-12T14:28:40.558+03:00 DEBUG 12012 --- [URL Shortener] [           main] c.g.d.z.s.o.a.h.c.h.i.c.ProtocolExec     : ex-0000004A: proxy auth state: UNCHALLENGED
2024-06-12T14:28:40.558+03:00 DEBUG 12012 --- [URL Shortener] [           main] c.g.d.z.s.o.a.h.c.h.i.c.ConnectExec      : ex-0000004A: acquiring connection with route {}->npipe://localhost:2375
2024-06-12T14:28:40.558+03:00 DEBUG 12012 --- [URL Shortener] [           main] g.d.z.s.o.a.h.c.h.i.c.InternalHttpClient : ex-0000004A: acquiring endpoint (3 MINUTES)
2024-06-12T14:28:40.558+03:00 DEBUG 12012 --- [URL Shortener] [           main] h.i.i.PoolingHttpClientConnectionManager : ex-0000004A: endpoint lease request (3 MINUTES) [route: {}->npipe://localhost:2375][total available: 1; route allocated: 1 of 2147483647; total allocated: 1 of 2147483647]
2024-06-12T14:28:40.558+03:00 DEBUG 12012 --- [URL Shortener] [           main] h.i.i.PoolingHttpClientConnectionManager : ex-0000004A: endpoint leased [route: {}->npipe://localhost:2375][total available: 0; route allocated: 1 of 2147483647; total allocated: 1 of 2147483647]
2024-06-12T14:28:40.558+03:00 DEBUG 12012 --- [URL Shortener] [           main] h.i.i.PoolingHttpClientConnectionManager : ex-0000004A: acquired ep-00000049
2024-06-12T14:28:40.558+03:00 DEBUG 12012 --- [URL Shortener] [           main] g.d.z.s.o.a.h.c.h.i.c.InternalHttpClient : ex-0000004A: acquired endpoint ep-00000049
2024-06-12T14:28:40.558+03:00 DEBUG 12012 --- [URL Shortener] [           main] c.g.d.z.s.o.a.h.c.h.i.c.MainClientExec   : ex-0000004A: executing GET /v1.32/version HTTP/1.1
2024-06-12T14:28:40.558+03:00 DEBUG 12012 --- [URL Shortener] [           main] g.d.z.s.o.a.h.c.h.i.c.InternalHttpClient : ep-00000049: start execution ex-0000004A
2024-06-12T14:28:40.558+03:00 DEBUG 12012 --- [URL Shortener] [           main] h.i.i.PoolingHttpClientConnectionManager : ep-00000049: executing exchange ex-0000004A over http-outgoing-7
2024-06-12T14:28:40.558+03:00 DEBUG 12012 --- [URL Shortener] [           main] c.g.d.z.s.o.a.hc.client5.http.headers    : http-outgoing-7 >> GET /v1.32/version HTTP/1.1
2024-06-12T14:28:40.558+03:00 DEBUG 12012 --- [URL Shortener] [           main] c.g.d.z.s.o.a.hc.client5.http.headers    : http-outgoing-7 >> accept: application/json
2024-06-12T14:28:40.558+03:00 DEBUG 12012 --- [URL Shortener] [           main] c.g.d.z.s.o.a.hc.client5.http.headers    : http-outgoing-7 >> x-tc-sid: 7171fa07-21e4-4858-9670-1c8520dc0b21
2024-06-12T14:28:40.558+03:00 DEBUG 12012 --- [URL Shortener] [           main] c.g.d.z.s.o.a.hc.client5.http.headers    : http-outgoing-7 >> User-Agent: tc-java/1.19.8
2024-06-12T14:28:40.558+03:00 DEBUG 12012 --- [URL Shortener] [           main] c.g.d.z.s.o.a.hc.client5.http.headers    : http-outgoing-7 >> Accept-Encoding: gzip, x-gzip, deflate
2024-06-12T14:28:40.558+03:00 DEBUG 12012 --- [URL Shortener] [           main] c.g.d.z.s.o.a.hc.client5.http.headers    : http-outgoing-7 >> Host: localhost:2375
2024-06-12T14:28:40.558+03:00 DEBUG 12012 --- [URL Shortener] [           main] c.g.d.z.s.o.a.hc.client5.http.headers    : http-outgoing-7 >> Connection: keep-alive
2024-06-12T14:28:40.558+03:00 DEBUG 12012 --- [URL Shortener] [           main] c.g.d.z.s.o.apache.hc.client5.http.wire  : http-outgoing-7 >> "GET /v1.32/version HTTP/1.1[\r][\n]"
2024-06-12T14:28:40.558+03:00 DEBUG 12012 --- [URL Shortener] [           main] c.g.d.z.s.o.apache.hc.client5.http.wire  : http-outgoing-7 >> "accept: application/json[\r][\n]"
2024-06-12T14:28:40.558+03:00 DEBUG 12012 --- [URL Shortener] [           main] c.g.d.z.s.o.apache.hc.client5.http.wire  : http-outgoing-7 >> "x-tc-sid: 7171fa07-21e4-4858-9670-1c8520dc0b21[\r][\n]"
2024-06-12T14:28:40.558+03:00 DEBUG 12012 --- [URL Shortener] [           main] c.g.d.z.s.o.apache.hc.client5.http.wire  : http-outgoing-7 >> "User-Agent: tc-java/1.19.8[\r][\n]"
2024-06-12T14:28:40.558+03:00 DEBUG 12012 --- [URL Shortener] [           main] c.g.d.z.s.o.apache.hc.client5.http.wire  : http-outgoing-7 >> "Accept-Encoding: gzip, x-gzip, deflate[\r][\n]"
2024-06-12T14:28:40.558+03:00 DEBUG 12012 --- [URL Shortener] [           main] c.g.d.z.s.o.apache.hc.client5.http.wire  : http-outgoing-7 >> "Host: localhost:2375[\r][\n]"
2024-06-12T14:28:40.558+03:00 DEBUG 12012 --- [URL Shortener] [           main] c.g.d.z.s.o.apache.hc.client5.http.wire  : http-outgoing-7 >> "Connection: keep-alive[\r][\n]"
2024-06-12T14:28:40.558+03:00 DEBUG 12012 --- [URL Shortener] [           main] c.g.d.z.s.o.apache.hc.client5.http.wire  : http-outgoing-7 >> "[\r][\n]"
2024-06-12T14:28:40.565+03:00 DEBUG 12012 --- [URL Shortener] [           main] c.g.d.z.s.o.apache.hc.client5.http.wire  : http-outgoing-7 << "HTTP/1.1 200 OK[\r][\n]"
2024-06-12T14:28:40.566+03:00 DEBUG 12012 --- [URL Shortener] [           main] c.g.d.z.s.o.apache.hc.client5.http.wire  : http-outgoing-7 << "Api-Version: 1.43[\r][\n]"
2024-06-12T14:28:40.566+03:00 DEBUG 12012 --- [URL Shortener] [           main] c.g.d.z.s.o.apache.hc.client5.http.wire  : http-outgoing-7 << "Content-Type: application/json[\r][\n]"
2024-06-12T14:28:40.566+03:00 DEBUG 12012 --- [URL Shortener] [           main] c.g.d.z.s.o.apache.hc.client5.http.wire  : http-outgoing-7 << "Date: Wed, 12 Jun 2024 11:28:40 GMT[\r][\n]"
2024-06-12T14:28:40.566+03:00 DEBUG 12012 --- [URL Shortener] [           main] c.g.d.z.s.o.apache.hc.client5.http.wire  : http-outgoing-7 << "Docker-Experimental: false[\r][\n]"
2024-06-12T14:28:40.566+03:00 DEBUG 12012 --- [URL Shortener] [           main] c.g.d.z.s.o.apache.hc.client5.http.wire  : http-outgoing-7 << "Ostype: linux[\r][\n]"
2024-06-12T14:28:40.566+03:00 DEBUG 12012 --- [URL Shortener] [           main] c.g.d.z.s.o.apache.hc.client5.http.wire  : http-outgoing-7 << "Server: Docker/24.0.7 (linux)[\r][\n]"
2024-06-12T14:28:40.566+03:00 DEBUG 12012 --- [URL Shortener] [           main] c.g.d.z.s.o.apache.hc.client5.http.wire  : http-outgoing-7 << "Transfer-Encoding: chunked[\r][\n]"
2024-06-12T14:28:40.566+03:00 DEBUG 12012 --- [URL Shortener] [           main] c.g.d.z.s.o.apache.hc.client5.http.wire  : http-outgoing-7 << "[\r][\n]"
2024-06-12T14:28:40.566+03:00 DEBUG 12012 --- [URL Shortener] [           main] c.g.d.z.s.o.a.hc.client5.http.headers    : http-outgoing-7 << HTTP/1.1 200 OK
2024-06-12T14:28:40.566+03:00 DEBUG 12012 --- [URL Shortener] [           main] c.g.d.z.s.o.a.hc.client5.http.headers    : http-outgoing-7 << Api-Version: 1.43
2024-06-12T14:28:40.566+03:00 DEBUG 12012 --- [URL Shortener] [           main] c.g.d.z.s.o.a.hc.client5.http.headers    : http-outgoing-7 << Content-Type: application/json
2024-06-12T14:28:40.566+03:00 DEBUG 12012 --- [URL Shortener] [           main] c.g.d.z.s.o.a.hc.client5.http.headers    : http-outgoing-7 << Date: Wed, 12 Jun 2024 11:28:40 GMT
2024-06-12T14:28:40.566+03:00 DEBUG 12012 --- [URL Shortener] [           main] c.g.d.z.s.o.a.hc.client5.http.headers    : http-outgoing-7 << Docker-Experimental: false
2024-06-12T14:28:40.566+03:00 DEBUG 12012 --- [URL Shortener] [           main] c.g.d.z.s.o.a.hc.client5.http.headers    : http-outgoing-7 << Ostype: linux
2024-06-12T14:28:40.566+03:00 DEBUG 12012 --- [URL Shortener] [           main] c.g.d.z.s.o.a.hc.client5.http.headers    : http-outgoing-7 << Server: Docker/24.0.7 (linux)
2024-06-12T14:28:40.566+03:00 DEBUG 12012 --- [URL Shortener] [           main] c.g.d.z.s.o.a.hc.client5.http.headers    : http-outgoing-7 << Transfer-Encoding: chunked
2024-06-12T14:28:40.566+03:00 DEBUG 12012 --- [URL Shortener] [           main] c.g.d.z.s.o.a.h.c.h.i.c.MainClientExec   : ex-0000004A: connection can be kept alive for 3 MINUTES
2024-06-12T14:28:40.566+03:00 DEBUG 12012 --- [URL Shortener] [           main] c.g.d.z.s.o.apache.hc.client5.http.wire  : http-outgoing-7 << "361[\r][\n]"
2024-06-12T14:28:40.566+03:00 DEBUG 12012 --- [URL Shortener] [           main] c.g.d.z.s.o.apache.hc.client5.http.wire  : http-outgoing-7 << "{"Platform":{"Name":"Docker Desktop 4.26.1 (131620)"},"Components":[{"Name":"Engine","Version":"24.0.7","Details":{"ApiVersion":"1.43","Arch":"amd64","BuildTime":"2023-10-26T09:08:02.000000000+00:00","Experimental":"false","GitCommit":"311b9ff","GoVersion":"go1.20.10","KernelVersion":"5.15.133.1-microsoft-standard-WSL2","MinAPIVersion":"1.12","Os":"linux"}},{"Name":"containerd","Version":"1.6.25","Details":{"GitCommit":"d8f198a4ed8892c764191ef7b3b06d8a2eeb5c7f"}},{"Name":"runc","Version":"1.1.10","Details":{"GitCommit":"v1.1.10-0-g18a0cb0"}},{"Name":"docker-init","Version":"0.19.0","Details":{"GitCommit":"de40ad0"}}],"Version":"24.0.7","ApiVersion":"1.43","MinAPIVersion":"1.12","GitCommit":"311b9ff","GoVersion":"go1.20.10","Os":"linux","Arch":"amd64","KernelVersion":"5.15.133.1-microsoft-standard-WSL2","BuildTime":"2023-10-26T09:08:02.000000000+00:00"}[\n]"
2024-06-12T14:28:40.566+03:00 DEBUG 12012 --- [URL Shortener] [           main] c.g.d.z.s.o.apache.hc.client5.http.wire  : http-outgoing-7 << "[\r][\n]"
2024-06-12T14:28:40.566+03:00 DEBUG 12012 --- [URL Shortener] [           main] c.g.d.z.s.o.apache.hc.client5.http.wire  : http-outgoing-7 << "0[\r][\n]"
2024-06-12T14:28:40.566+03:00 DEBUG 12012 --- [URL Shortener] [           main] c.g.d.z.s.o.apache.hc.client5.http.wire  : http-outgoing-7 << "[\r][\n]"
2024-06-12T14:28:40.567+03:00 DEBUG 12012 --- [URL Shortener] [           main] g.d.z.s.o.a.h.c.h.i.c.InternalHttpClient : ep-00000049: releasing valid endpoint
2024-06-12T14:28:40.567+03:00 DEBUG 12012 --- [URL Shortener] [           main] h.i.i.PoolingHttpClientConnectionManager : ep-00000049: releasing endpoint
2024-06-12T14:28:40.567+03:00 DEBUG 12012 --- [URL Shortener] [           main] h.i.i.PoolingHttpClientConnectionManager : ep-00000049: connection http-outgoing-7 can be kept alive for 3 MINUTES
2024-06-12T14:28:40.567+03:00 DEBUG 12012 --- [URL Shortener] [           main] h.i.i.PoolingHttpClientConnectionManager : ep-00000049: connection released [route: {}->npipe://localhost:2375][total available: 1; route allocated: 1 of 2147483647; total allocated: 1 of 2147483647]
2024-06-12T14:28:40.568+03:00 DEBUG 12012 --- [URL Shortener] [ream--733449709] g.d.z.s.o.a.h.c.h.i.c.InternalHttpClient : ex-0000004B: preparing request execution
2024-06-12T14:28:40.568+03:00 DEBUG 12012 --- [URL Shortener] [ream--733449709] c.g.d.z.s.o.a.h.c.h.p.RequestAddCookies  : Cookie spec selected: strict
2024-06-12T14:28:40.568+03:00 DEBUG 12012 --- [URL Shortener] [ream--733449709] c.g.d.z.s.o.a.h.c.h.p.RequestAuthCache   : Auth cache not set in the context
2024-06-12T14:28:40.568+03:00 DEBUG 12012 --- [URL Shortener] [ream--733449709] c.g.d.z.s.o.a.h.c.h.i.c.ProtocolExec     : ex-0000004B: target auth state: UNCHALLENGED
2024-06-12T14:28:40.568+03:00 DEBUG 12012 --- [URL Shortener] [ream--733449709] c.g.d.z.s.o.a.h.c.h.i.c.ProtocolExec     : ex-0000004B: proxy auth state: UNCHALLENGED
2024-06-12T14:28:40.568+03:00 DEBUG 12012 --- [URL Shortener] [ream--733449709] c.g.d.z.s.o.a.h.c.h.i.c.ConnectExec      : ex-0000004B: acquiring connection with route {}->npipe://localhost:2375
2024-06-12T14:28:40.568+03:00 DEBUG 12012 --- [URL Shortener] [ream--733449709] g.d.z.s.o.a.h.c.h.i.c.InternalHttpClient : ex-0000004B: acquiring endpoint (3 MINUTES)
2024-06-12T14:28:40.568+03:00 DEBUG 12012 --- [URL Shortener] [ream--733449709] h.i.i.PoolingHttpClientConnectionManager : ex-0000004B: endpoint lease request (3 MINUTES) [route: {}->npipe://localhost:2375][total available: 1; route allocated: 1 of 2147483647; total allocated: 1 of 2147483647]
2024-06-12T14:28:40.568+03:00 DEBUG 12012 --- [URL Shortener] [ream--733449709] h.i.i.PoolingHttpClientConnectionManager : ex-0000004B: endpoint leased [route: {}->npipe://localhost:2375][total available: 0; route allocated: 1 of 2147483647; total allocated: 1 of 2147483647]
2024-06-12T14:28:40.568+03:00 DEBUG 12012 --- [URL Shortener] [ream--733449709] h.i.i.PoolingHttpClientConnectionManager : ex-0000004B: acquired ep-0000004A
2024-06-12T14:28:40.568+03:00 DEBUG 12012 --- [URL Shortener] [ream--733449709] g.d.z.s.o.a.h.c.h.i.c.InternalHttpClient : ex-0000004B: acquired endpoint ep-0000004A
2024-06-12T14:28:40.568+03:00 DEBUG 12012 --- [URL Shortener] [ream--733449709] c.g.d.z.s.o.a.h.c.h.i.c.MainClientExec   : ex-0000004B: executing GET /v1.32/containers/128f22c426d45daca997e33ea9c3b62928a65a0f376c96d80573176364685d48/logs?stdout=true&stderr=true&follow=true&since=0 HTTP/1.1
2024-06-12T14:28:40.568+03:00 DEBUG 12012 --- [URL Shortener] [ream--733449709] g.d.z.s.o.a.h.c.h.i.c.InternalHttpClient : ep-0000004A: start execution ex-0000004B
2024-06-12T14:28:40.568+03:00 DEBUG 12012 --- [URL Shortener] [ream--733449709] h.i.i.PoolingHttpClientConnectionManager : ep-0000004A: executing exchange ex-0000004B over http-outgoing-7
2024-06-12T14:28:40.568+03:00 DEBUG 12012 --- [URL Shortener] [ream--733449709] c.g.d.z.s.o.a.hc.client5.http.headers    : http-outgoing-7 >> GET /v1.32/containers/128f22c426d45daca997e33ea9c3b62928a65a0f376c96d80573176364685d48/logs?stdout=true&stderr=true&follow=true&since=0 HTTP/1.1
2024-06-12T14:28:40.568+03:00 DEBUG 12012 --- [URL Shortener] [ream--733449709] c.g.d.z.s.o.a.hc.client5.http.headers    : http-outgoing-7 >> x-tc-sid: 7171fa07-21e4-4858-9670-1c8520dc0b21
2024-06-12T14:28:40.568+03:00 DEBUG 12012 --- [URL Shortener] [ream--733449709] c.g.d.z.s.o.a.hc.client5.http.headers    : http-outgoing-7 >> User-Agent: tc-java/1.19.8
2024-06-12T14:28:40.568+03:00 DEBUG 12012 --- [URL Shortener] [ream--733449709] c.g.d.z.s.o.a.hc.client5.http.headers    : http-outgoing-7 >> Accept-Encoding: gzip, x-gzip, deflate
2024-06-12T14:28:40.568+03:00 DEBUG 12012 --- [URL Shortener] [ream--733449709] c.g.d.z.s.o.a.hc.client5.http.headers    : http-outgoing-7 >> Host: localhost:2375
2024-06-12T14:28:40.568+03:00 DEBUG 12012 --- [URL Shortener] [ream--733449709] c.g.d.z.s.o.a.hc.client5.http.headers    : http-outgoing-7 >> Connection: keep-alive
2024-06-12T14:28:40.568+03:00 DEBUG 12012 --- [URL Shortener] [ream--733449709] c.g.d.z.s.o.apache.hc.client5.http.wire  : http-outgoing-7 >> "GET /v1.32/containers/128f22c426d45daca997e33ea9c3b62928a65a0f376c96d80573176364685d48/logs?stdout=true&stderr=true&follow=true&since=0 HTTP/1.1[\r][\n]"
2024-06-12T14:28:40.568+03:00 DEBUG 12012 --- [URL Shortener] [ream--733449709] c.g.d.z.s.o.apache.hc.client5.http.wire  : http-outgoing-7 >> "x-tc-sid: 7171fa07-21e4-4858-9670-1c8520dc0b21[\r][\n]"
2024-06-12T14:28:40.568+03:00 DEBUG 12012 --- [URL Shortener] [ream--733449709] c.g.d.z.s.o.apache.hc.client5.http.wire  : http-outgoing-7 >> "User-Agent: tc-java/1.19.8[\r][\n]"
2024-06-12T14:28:40.568+03:00 DEBUG 12012 --- [URL Shortener] [ream--733449709] c.g.d.z.s.o.apache.hc.client5.http.wire  : http-outgoing-7 >> "Accept-Encoding: gzip, x-gzip, deflate[\r][\n]"
2024-06-12T14:28:40.568+03:00 DEBUG 12012 --- [URL Shortener] [ream--733449709] c.g.d.z.s.o.apache.hc.client5.http.wire  : http-outgoing-7 >> "Host: localhost:2375[\r][\n]"
2024-06-12T14:28:40.568+03:00 DEBUG 12012 --- [URL Shortener] [ream--733449709] c.g.d.z.s.o.apache.hc.client5.http.wire  : http-outgoing-7 >> "Connection: keep-alive[\r][\n]"
2024-06-12T14:28:40.568+03:00 DEBUG 12012 --- [URL Shortener] [ream--733449709] c.g.d.z.s.o.apache.hc.client5.http.wire  : http-outgoing-7 >> "[\r][\n]"
2024-06-12T14:28:40.571+03:00 DEBUG 12012 --- [URL Shortener] [ream--733449709] c.g.d.z.s.o.apache.hc.client5.http.wire  : http-outgoing-7 << "HTTP/1.1 200 OK[\r][\n]"
2024-06-12T14:28:40.571+03:00 DEBUG 12012 --- [URL Shortener] [ream--733449709] c.g.d.z.s.o.apache.hc.client5.http.wire  : http-outgoing-7 << "Api-Version: 1.43[\r][\n]"
2024-06-12T14:28:40.571+03:00 DEBUG 12012 --- [URL Shortener] [ream--733449709] c.g.d.z.s.o.apache.hc.client5.http.wire  : http-outgoing-7 << "Content-Type: application/vnd.docker.raw-stream[\r][\n]"
2024-06-12T14:28:40.571+03:00 DEBUG 12012 --- [URL Shortener] [ream--733449709] c.g.d.z.s.o.apache.hc.client5.http.wire  : http-outgoing-7 << "Date: Wed, 12 Jun 2024 11:28:40 GMT[\r][\n]"
2024-06-12T14:28:40.571+03:00 DEBUG 12012 --- [URL Shortener] [ream--733449709] c.g.d.z.s.o.apache.hc.client5.http.wire  : http-outgoing-7 << "Docker-Experimental: false[\r][\n]"
2024-06-12T14:28:40.571+03:00 DEBUG 12012 --- [URL Shortener] [ream--733449709] c.g.d.z.s.o.apache.hc.client5.http.wire  : http-outgoing-7 << "Ostype: linux[\r][\n]"
2024-06-12T14:28:40.571+03:00 DEBUG 12012 --- [URL Shortener] [ream--733449709] c.g.d.z.s.o.apache.hc.client5.http.wire  : http-outgoing-7 << "Server: Docker/24.0.7 (linux)[\r][\n]"
2024-06-12T14:28:40.571+03:00 DEBUG 12012 --- [URL Shortener] [ream--733449709] c.g.d.z.s.o.apache.hc.client5.http.wire  : http-outgoing-7 << "Transfer-Encoding: chunked[\r][\n]"
2024-06-12T14:28:40.571+03:00 DEBUG 12012 --- [URL Shortener] [ream--733449709] c.g.d.z.s.o.apache.hc.client5.http.wire  : http-outgoing-7 << "[\r][\n]"
2024-06-12T14:28:40.571+03:00 DEBUG 12012 --- [URL Shortener] [ream--733449709] c.g.d.z.s.o.a.hc.client5.http.headers    : http-outgoing-7 << HTTP/1.1 200 OK
2024-06-12T14:28:40.571+03:00 DEBUG 12012 --- [URL Shortener] [ream--733449709] c.g.d.z.s.o.a.hc.client5.http.headers    : http-outgoing-7 << Api-Version: 1.43
2024-06-12T14:28:40.571+03:00 DEBUG 12012 --- [URL Shortener] [ream--733449709] c.g.d.z.s.o.a.hc.client5.http.headers    : http-outgoing-7 << Content-Type: application/vnd.docker.raw-stream
2024-06-12T14:28:40.571+03:00 DEBUG 12012 --- [URL Shortener] [ream--733449709] c.g.d.z.s.o.a.hc.client5.http.headers    : http-outgoing-7 << Date: Wed, 12 Jun 2024 11:28:40 GMT
2024-06-12T14:28:40.571+03:00 DEBUG 12012 --- [URL Shortener] [ream--733449709] c.g.d.z.s.o.a.hc.client5.http.headers    : http-outgoing-7 << Docker-Experimental: false
2024-06-12T14:28:40.571+03:00 DEBUG 12012 --- [URL Shortener] [ream--733449709] c.g.d.z.s.o.a.hc.client5.http.headers    : http-outgoing-7 << Ostype: linux
2024-06-12T14:28:40.571+03:00 DEBUG 12012 --- [URL Shortener] [ream--733449709] c.g.d.z.s.o.a.hc.client5.http.headers    : http-outgoing-7 << Server: Docker/24.0.7 (linux)
2024-06-12T14:28:40.571+03:00 DEBUG 12012 --- [URL Shortener] [ream--733449709] c.g.d.z.s.o.a.hc.client5.http.headers    : http-outgoing-7 << Transfer-Encoding: chunked
2024-06-12T14:28:40.571+03:00 DEBUG 12012 --- [URL Shortener] [ream--733449709] c.g.d.z.s.o.a.h.c.h.i.c.MainClientExec   : ex-0000004B: connection can be kept alive for 3 MINUTES
2024-06-12T14:28:40.573+03:00 DEBUG 12012 --- [URL Shortener] [ream--733449709] c.g.d.z.s.o.apache.hc.client5.http.wire  : http-outgoing-7 << "1fd[\r][\n]"
2024-06-12T14:28:40.573+03:00 DEBUG 12012 --- [URL Shortener] [ream--733449709] c.g.d.z.s.o.apache.hc.client5.http.wire  : http-outgoing-7 << "[0x1][0x0][0x0][0x0][0x0][0x0][0x0]NThe files belonging to this database system will be owned by user "postgres".[\n]"
2024-06-12T14:28:40.573+03:00 DEBUG 12012 --- [URL Shortener] [ream--733449709] c.g.d.z.s.o.apache.hc.client5.http.wire  : http-outgoing-7 << "[0x1][0x0][0x0][0x0][0x0][0x0][0x0],This user must also own the server process.[\n]"
2024-06-12T14:28:40.573+03:00 DEBUG 12012 --- [URL Shortener] [ream--733449709] c.g.d.z.s.o.apache.hc.client5.http.wire  : http-outgoing-7 << "[0x1][0x0][0x0][0x0][0x0][0x0][0x0][0x1][\n]"
[...]
2024-06-12T14:28:41.941+03:00 DEBUG 12012 --- [URL Shortener] [           main] c.g.d.z.s.o.apache.hc.client5.http.wire  : http-outgoing-8 << "Date: Wed, 12 Jun 2024 11:28:41 GMT[\r][\n]"
2024-06-12T14:28:41.941+03:00 DEBUG 12012 --- [URL Shortener] [           main] c.g.d.z.s.o.apache.hc.client5.http.wire  : http-outgoing-8 << "Docker-Experimental: false[\r][\n]"
2024-06-12T14:28:41.941+03:00 DEBUG 12012 --- [URL Shortener] [           main] c.g.d.z.s.o.apache.hc.client5.http.wire  : http-outgoing-8 << "Ostype: linux[\r][\n]"
2024-06-12T14:28:41.941+03:00 DEBUG 12012 --- [URL Shortener] [           main] c.g.d.z.s.o.apache.hc.client5.http.wire  : http-outgoing-8 << "Server: Docker/24.0.7 (linux)[\r][\n]"
2024-06-12T14:28:41.941+03:00 DEBUG 12012 --- [URL Shortener] [           main] c.g.d.z.s.o.apache.hc.client5.http.wire  : http-outgoing-8 << "Transfer-Encoding: chunked[\r][\n]"
2024-06-12T14:28:41.941+03:00 DEBUG 12012 --- [URL Shortener] [           main] c.g.d.z.s.o.apache.hc.client5.http.wire  : http-outgoing-8 << "[\r][\n]"
2024-06-12T14:28:41.941+03:00 DEBUG 12012 --- [URL Shortener] [           main] c.g.d.z.s.o.a.hc.client5.http.headers    : http-outgoing-8 << HTTP/1.1 200 OK
2024-06-12T14:28:41.941+03:00 DEBUG 12012 --- [URL Shortener] [           main] c.g.d.z.s.o.a.hc.client5.http.headers    : http-outgoing-8 << Api-Version: 1.43
2024-06-12T14:28:41.941+03:00 DEBUG 12012 --- [URL Shortener] [           main] c.g.d.z.s.o.a.hc.client5.http.headers    : http-outgoing-8 << Content-Type: application/json
2024-06-12T14:28:41.941+03:00 DEBUG 12012 --- [URL Shortener] [           main] c.g.d.z.s.o.a.hc.client5.http.headers    : http-outgoing-8 << Date: Wed, 12 Jun 2024 11:28:41 GMT
2024-06-12T14:28:41.941+03:00 DEBUG 12012 --- [URL Shortener] [           main] c.g.d.z.s.o.a.hc.client5.http.headers    : http-outgoing-8 << Docker-Experimental: false
2024-06-12T14:28:41.941+03:00 DEBUG 12012 --- [URL Shortener] [           main] c.g.d.z.s.o.a.hc.client5.http.headers    : http-outgoing-8 << Ostype: linux
2024-06-12T14:28:41.941+03:00 DEBUG 12012 --- [URL Shortener] [           main] c.g.d.z.s.o.a.hc.client5.http.headers    : http-outgoing-8 << Server: Docker/24.0.7 (linux)
2024-06-12T14:28:41.941+03:00 DEBUG 12012 --- [URL Shortener] [           main] c.g.d.z.s.o.a.hc.client5.http.headers    : http-outgoing-8 << Transfer-Encoding: chunked
2024-06-12T14:28:41.941+03:00 DEBUG 12012 --- [URL Shortener] [           main] c.g.d.z.s.o.a.h.c.h.i.c.MainClientExec   : ex-0000004E: connection can be kept alive for 3 MINUTES
2024-06-12T14:28:41.942+03:00 DEBUG 12012 --- [URL Shortener] [           main] c.g.d.z.s.o.apache.hc.client5.http.wire  : http-outgoing-8 << "1935[\r][\n]"
2024-06-12T14:28:41.942+03:00 DEBUG 12012 --- [URL Shortener] [           main] c.g.d.z.s.o.apache.hc.client5.http.wire  : http-outgoing-8 << "{"Id":"128f22c426d45daca997e33ea9c3b62928a65a0f376c96d80573176364685d48","Created":"2024-06-12T11:28:40.186690474Z","Path":"docker-entrypoint.sh","Args":["postgres","-c","fsync=off"],"State":{"Status":"exited","Running":false,"Paused":false,"Restarting":false,"OOMKilled":false,"Dead":false,"Pid":0,"ExitCode":137,"Error":"","StartedAt":"2024-06-12T11:28:40.537033968Z","FinishedAt":"2024-06-12T11:28:41.541397951Z"},"Image":"sha256:cff6b68a194a672fd337d8728bfb252071012cce6f0f2ed760988f7bc63a89d2","ResolvConfPath":"/var/lib/docker/containers/128f22c426d45daca997e33ea9c3b62928a65a0f376c96d80573176364685d48/resolv.conf","HostnamePath":"/var/lib/docker/containers/128f22c426d45daca997e33ea9c3b62928a65a0f376c96d80573176364685d48/hostname","HostsPath":"/var/lib/docker/containers/128f22c426d45daca997e33ea9c3b62928a65a0f376c96d80573176364685d48/hosts","LogPath":"/var/lib/docker/containers/128f22c426d45daca997e33ea9c3b62928a65a0f376c96d80573176364685d48/128f22c426d45daca997e33ea9c3b62928a65a0f376c96d80573176364685d48-json.log","Name":"/modest_johnson","RestartCount":0,"Driver":"overlay2","Platform":"linux","MountLabel":"","ProcessLabel":"","AppArmorProfile":"","ExecIDs":null,"HostConfig":{"Binds":[],"ContainerIDFile":"","LogConfig":{"Type":"json-file","Config":{}},"NetworkMode":"default","PortBindings":{"5432/tcp":[{"HostIp":"0.0.0.0","HostPort":"0"}]},"RestartPolicy":{"Name":"","MaximumRetryCount":0},"AutoRemove":false,"VolumeDriver":"","VolumesFrom":[],"ConsoleSize":[0,0],"CapAdd":null,"CapDrop":null,"CgroupnsMode":"host","Dns":null,"DnsOptions":null,"DnsSearch":null,"ExtraHosts":[],"GroupAdd":null,"IpcMode":"shareable","Cgroup":"","Links":null,"OomScoreAdj":0,"PidMode":"","Privileged":false,"PublishAllPorts":false,"ReadonlyRootfs":false,"SecurityOpt":null,"UTSMode":"","UsernsMode":"","ShmSize":67108864,"Runtime":"runc","Isolation":"","CpuShares":0,"Memory":0,"NanoCpus":0,"CgroupParent":"","BlkioWeight":0,"BlkioWeightDevice":null,"BlkioDeviceReadBps":null,"BlkioDeviceWriteBps":null,"BlkioDeviceReadIOps":null,"BlkioDeviceWriteIOps":null,"CpuPeriod":0,"CpuQuota":0,"CpuRealtimePeriod":0,"CpuRealtimeRuntime":0,"CpusetCpus":"","CpusetMems":"","Devices":null,"DeviceCgroupRules":null,"DeviceRequests":null,"MemoryReservation":0,"MemorySwap":0,"MemorySwappiness":null,"OomKillDisable":false,"PidsLimit":null,"Ulimits":null,"CpuCount":0,"CpuPercent":0,"IOMaximumIOps":0,"IOMaximumBandwidth":0,"MaskedPaths":["/proc/asound","/proc/acpi","/proc/kcore","/proc/keys","/proc/latency_stats","/proc/timer_list","/proc/timer_stats","/proc/sched_debug","/proc/scsi","/sys/firmware","/sys/devices/virtual/powercap"],"ReadonlyPaths":["/proc/bus","/proc/fs","/proc/irq","/proc/sys","/proc/sysrq-trigger"]},"GraphDriver":{"Data":{"LowerDir":"/var/lib/docker/overlay2/09d2f644372b27643cf8b079912aca7e0472a8edec5ca8564974e7e631a78aa9-init/diff:/var/lib/docker/overlay2/db451d0433a46fa45e17cc0eae406c512a577a19aed597a6dcd152aa60abc9db/diff:/var/lib/docker/overlay2/2cbe3a1a11481afc7adee257a96fbd885a65a5a6b7f47a4b9e39ab13d617ed9f/diff:/var/lib/docker/overlay2/34f0f2835c7fab192b0a09fbaa35e3fde336f3a21db4d551ecb5744f35f022d8/diff:/var/lib/docker/overlay2/91c1ab49fbf459c6ac614f4f21e302f21d4a65eae0c0df9e5fd257fec8b8dac7/diff:/var/lib/docker/overlay2/c047fdb7a36e3127654f971b9e00f52a192b9425d14315e2be62531cbf859c1c/diff:/var/lib/docker/overlay2/f17ff6a2434319a3d0da9c06f159a651e34677f6555cedd9fa5cd4a243a4cf00/diff:/var/lib/docker/overlay2/d3896bdbfb55d53cc96483830bf86d746e709698c5870461b76a606235034e2c/diff:/var/lib/docker/overlay2/17bbcad0aa3d49db9143caa84bf36ac80a1e2abb4465494be53788fdf15136bc/diff:/var/lib/docker/overlay2/d3ba0002826ba8dc8a50ec5b5f40f8eeecc49aed69b7e4852b2c17d4e3bc7673/diff:/var/lib/docker/overlay2/b025c0d3f178bdae3585ff4493fb402ddac780bb0dc86a6e2a4bd16fd5df4fd0/diff:/var/lib/docker/overlay2/b34b03430c91db007405bdcdabdee4d661413c4a546d47aa4933ae256c8c1f83/diff:/var/lib/docker/overlay2/d4b461868c979b00a1a4f4e75535982f2a3b2f76c5b58eae99e5b0523fc10465/diff:/var/lib/docker/overlay2/a2edc56609840a14728ce10afbb50ca5b6a9dcfe1138d7a04954c1b2dfcd9724/diff:/var/li"
2024-06-12T14:28:41.943+03:00 DEBUG 12012 --- [URL Shortener] [           main] c.g.d.z.s.o.apache.hc.client5.http.wire  : http-outgoing-8 << "b/docker/overlay2/1d7e1c282144b7b877f2e2cfc223d536f406a3e5cf43804aff3d6b54f674eee8/diff","MergedDir":"/var/lib/docker/overlay2/09d2f644372b27643cf8b079912aca7e0472a8edec5ca8564974e7e631a78aa9/merged","UpperDir":"/var/lib/docker/overlay2/09d2f644372b27643cf8b079912aca7e0472a8edec5ca8564974e7e631a78aa9/diff","WorkDir":"/var/lib/docker/overlay2/09d2f644372b27643cf8b079912aca7e0472a8edec5ca8564974e7e631a78aa9/work"},"Name":"overlay2"},"Mounts":[{"Type":"volume","Name":"3574d884f9867df1ecd8662dc91d29b5afce1c0f6fab5317226e9473e9b116ee","Source":"/var/lib/docker/volumes/3574d884f9867df1ecd8662dc91d29b5afce1c0f6fab5317226e9473e9b116ee/_data","Destination":"/var/lib/postgresql/data","Driver":"local","Mode":"","RW":true,"Propagation":""}],"Config":{"Hostname":"128f22c426d4","Domainname":"","User":"","AttachStdin":false,"AttachStdout":false,"AttachStderr":false,"ExposedPorts":{"5432/tcp":{}},"Tty":false,"OpenStdin":false,"StdinOnce":false,"Env":["POSTGRES_USER=testuser","POSTGRES_PASSWORD=testpass","POSTGRES_DB=testdb","PATH=/usr/local/sbin:/usr/local/bin:/usr/sbin:/usr/bin:/sbin:/bin:/usr/lib/postgresql/16/bin","GOSU_VERSION=1.17","LANG=en_US.utf8","PG_MAJOR=16","PG_VERSION=16.3-1.pgdg120+1","PGDATA=/var/lib/postgresql/data"],"Cmd":["postgres","-c","fsync=off"],"Image":"postgres:latest","Volumes":{"/var/lib/postgresql/data":{}},"WorkingDir":"","Entrypoint":["docker-entrypoint.sh"],"OnBuild":null,"Labels":{"org.testcontainers":"true","org.testcontainers.lang":"java","org.testcontainers.sessionId":"7171fa07-21e4-4858-9670-1c8520dc0b21","org.testcontainers.version":"1.19.8"},"StopSignal":"SIGINT"},"NetworkSettings":{"Bridge":"","SandboxID":"29659b64971e03fad57c28c696096d3dec7d03cb77c8938c82e82e8c98523aab","HairpinMode":false,"LinkLocalIPv6Address":"","LinkLocalIPv6PrefixLen":0,"Ports":{},"SandboxKey":"/var/run/docker/netns/29659b64971e","SecondaryIPAddresses":null,"SecondaryIPv6Addresses":null,"EndpointID":"","Gateway":"","GlobalIPv6Address":"","GlobalIPv6PrefixLen":0,"IPAddress":"","IPPrefixLen":0,"IPv6Gateway":"","MacAddress":"","Networks":{"bridge":{"IPAMConfig":null,"Links":null,"Aliases":null,"MacAddress":"","NetworkID":"9daa7fca6b6cbb5c2be934cabaa56953e265b86a191774f7c7502906e8f1d0b7","EndpointID":"","Gateway":"","IPAddress":"","IPPrefixLen":0,"IPv6Gateway":"","GlobalIPv6Address":"","GlobalIPv6PrefixLen":0,"DriverOpts":null}}}}[\n]"
2024-06-12T14:28:41.945+03:00 DEBUG 12012 --- [URL Shortener] [           main] c.g.d.z.s.o.apache.hc.client5.http.wire  : http-outgoing-8 << "[\r][\n]"
2024-06-12T14:28:41.945+03:00 DEBUG 12012 --- [URL Shortener] [           main] c.g.d.z.s.o.apache.hc.client5.http.wire  : http-outgoing-8 << "0[\r][\n]"
2024-06-12T14:28:41.945+03:00 DEBUG 12012 --- [URL Shortener] [           main] c.g.d.z.s.o.apache.hc.client5.http.wire  : http-outgoing-8 << "[\r][\n]"
2024-06-12T14:28:41.945+03:00 DEBUG 12012 --- [URL Shortener] [           main] g.d.z.s.o.a.h.c.h.i.c.InternalHttpClient : ep-0000004D: releasing valid endpoint
2024-06-12T14:28:41.945+03:00 DEBUG 12012 --- [URL Shortener] [           main] h.i.i.PoolingHttpClientConnectionManager : ep-0000004D: releasing endpoint
2024-06-12T14:28:41.945+03:00 DEBUG 12012 --- [URL Shortener] [           main] h.i.i.PoolingHttpClientConnectionManager : ep-0000004D: connection http-outgoing-8 can be kept alive for 3 MINUTES
2024-06-12T14:28:41.945+03:00 DEBUG 12012 --- [URL Shortener] [           main] h.i.i.PoolingHttpClientConnectionManager : ep-0000004D: connection released [route: {}->npipe://localhost:2375][total available: 1; route allocated: 1 of 2147483647; total allocated: 1 of 2147483647]
2024-06-12T14:28:41.946+03:00 DEBUG 12012 --- [URL Shortener] [           main] o.t.s.c.g.d.core.command.AbstrDockerCmd  : Cmd: 128f22c426d45daca997e33ea9c3b62928a65a0f376c96d80573176364685d48,true,true
2024-06-12T14:28:41.946+03:00 DEBUG 12012 --- [URL Shortener] [           main] g.d.z.s.o.a.h.c.h.i.c.InternalHttpClient : ex-0000004F: preparing request execution
2024-06-12T14:28:41.946+03:00 DEBUG 12012 --- [URL Shortener] [           main] c.g.d.z.s.o.a.h.c.h.p.RequestAddCookies  : Cookie spec selected: strict
2024-06-12T14:28:41.946+03:00 DEBUG 12012 --- [URL Shortener] [           main] c.g.d.z.s.o.a.h.c.h.p.RequestAuthCache   : Auth cache not set in the context
2024-06-12T14:28:41.946+03:00 DEBUG 12012 --- [URL Shortener] [           main] c.g.d.z.s.o.a.h.c.h.i.c.ProtocolExec     : ex-0000004F: target auth state: UNCHALLENGED
2024-06-12T14:28:41.946+03:00 DEBUG 12012 --- [URL Shortener] [           main] c.g.d.z.s.o.a.h.c.h.i.c.ProtocolExec     : ex-0000004F: proxy auth state: UNCHALLENGED
2024-06-12T14:28:41.946+03:00 DEBUG 12012 --- [URL Shortener] [           main] c.g.d.z.s.o.a.h.c.h.i.c.ConnectExec      : ex-0000004F: acquiring connection with route {}->npipe://localhost:2375
2024-06-12T14:28:41.946+03:00 DEBUG 12012 --- [URL Shortener] [           main] g.d.z.s.o.a.h.c.h.i.c.InternalHttpClient : ex-0000004F: acquiring endpoint (3 MINUTES)
2024-06-12T14:28:41.946+03:00 DEBUG 12012 --- [URL Shortener] [           main] h.i.i.PoolingHttpClientConnectionManager : ex-0000004F: endpoint lease request (3 MINUTES) [route: {}->npipe://localhost:2375][total available: 1; route allocated: 1 of 2147483647; total allocated: 1 of 2147483647]
2024-06-12T14:28:41.947+03:00 DEBUG 12012 --- [URL Shortener] [           main] h.i.i.PoolingHttpClientConnectionManager : ex-0000004F: endpoint leased [route: {}->npipe://localhost:2375][total available: 0; route allocated: 1 of 2147483647; total allocated: 1 of 2147483647]
2024-06-12T14:28:41.947+03:00 DEBUG 12012 --- [URL Shortener] [           main] h.i.i.PoolingHttpClientConnectionManager : ex-0000004F: acquired ep-0000004E
2024-06-12T14:28:41.947+03:00 DEBUG 12012 --- [URL Shortener] [           main] g.d.z.s.o.a.h.c.h.i.c.InternalHttpClient : ex-0000004F: acquired endpoint ep-0000004E
2024-06-12T14:28:41.947+03:00 DEBUG 12012 --- [URL Shortener] [           main] c.g.d.z.s.o.a.h.c.h.i.c.MainClientExec   : ex-0000004F: executing DELETE /v1.32/containers/128f22c426d45daca997e33ea9c3b62928a65a0f376c96d80573176364685d48?v=true&force=true HTTP/1.1
2024-06-12T14:28:41.947+03:00 DEBUG 12012 --- [URL Shortener] [           main] g.d.z.s.o.a.h.c.h.i.c.InternalHttpClient : ep-0000004E: start execution ex-0000004F
2024-06-12T14:28:41.947+03:00 DEBUG 12012 --- [URL Shortener] [           main] h.i.i.PoolingHttpClientConnectionManager : ep-0000004E: executing exchange ex-0000004F over http-outgoing-8
2024-06-12T14:28:41.947+03:00 DEBUG 12012 --- [URL Shortener] [           main] c.g.d.z.s.o.a.hc.client5.http.headers    : http-outgoing-8 >> DELETE /v1.32/containers/128f22c426d45daca997e33ea9c3b62928a65a0f376c96d80573176364685d48?v=true&force=true HTTP/1.1
2024-06-12T14:28:41.947+03:00 DEBUG 12012 --- [URL Shortener] [           main] c.g.d.z.s.o.a.hc.client5.http.headers    : http-outgoing-8 >> accept: application/json
2024-06-12T14:28:41.947+03:00 DEBUG 12012 --- [URL Shortener] [           main] c.g.d.z.s.o.a.hc.client5.http.headers    : http-outgoing-8 >> x-tc-sid: 7171fa07-21e4-4858-9670-1c8520dc0b21
2024-06-12T14:28:41.947+03:00 DEBUG 12012 --- [URL Shortener] [           main] c.g.d.z.s.o.a.hc.client5.http.headers    : http-outgoing-8 >> User-Agent: tc-java/1.19.8
2024-06-12T14:28:41.947+03:00 DEBUG 12012 --- [URL Shortener] [           main] c.g.d.z.s.o.a.hc.client5.http.headers    : http-outgoing-8 >> Accept-Encoding: gzip, x-gzip, deflate
2024-06-12T14:28:41.947+03:00 DEBUG 12012 --- [URL Shortener] [           main] c.g.d.z.s.o.a.hc.client5.http.headers    : http-outgoing-8 >> Host: localhost:2375
2024-06-12T14:28:41.947+03:00 DEBUG 12012 --- [URL Shortener] [           main] c.g.d.z.s.o.a.hc.client5.http.headers    : http-outgoing-8 >> Connection: keep-alive
2024-06-12T14:28:41.947+03:00 DEBUG 12012 --- [URL Shortener] [           main] c.g.d.z.s.o.apache.hc.client5.http.wire  : http-outgoing-8 >> "DELETE /v1.32/containers/128f22c426d45daca997e33ea9c3b62928a65a0f376c96d80573176364685d48?v=true&force=true HTTP/1.1[\r][\n]"
2024-06-12T14:28:41.947+03:00 DEBUG 12012 --- [URL Shortener] [           main] c.g.d.z.s.o.apache.hc.client5.http.wire  : http-outgoing-8 >> "accept: application/json[\r][\n]"
2024-06-12T14:28:41.947+03:00 DEBUG 12012 --- [URL Shortener] [           main] c.g.d.z.s.o.apache.hc.client5.http.wire  : http-outgoing-8 >> "x-tc-sid: 7171fa07-21e4-4858-9670-1c8520dc0b21[\r][\n]"
2024-06-12T14:28:41.947+03:00 DEBUG 12012 --- [URL Shortener] [           main] c.g.d.z.s.o.apache.hc.client5.http.wire  : http-outgoing-8 >> "User-Agent: tc-java/1.19.8[\r][\n]"
2024-06-12T14:28:41.947+03:00 DEBUG 12012 --- [URL Shortener] [           main] c.g.d.z.s.o.apache.hc.client5.http.wire  : http-outgoing-8 >> "Accept-Encoding: gzip, x-gzip, deflate[\r][\n]"
2024-06-12T14:28:41.947+03:00 DEBUG 12012 --- [URL Shortener] [           main] c.g.d.z.s.o.apache.hc.client5.http.wire  : http-outgoing-8 >> "Host: localhost:2375[\r][\n]"
2024-06-12T14:28:41.947+03:00 DEBUG 12012 --- [URL Shortener] [           main] c.g.d.z.s.o.apache.hc.client5.http.wire  : http-outgoing-8 >> "Connection: keep-alive[\r][\n]"
2024-06-12T14:28:41.947+03:00 DEBUG 12012 --- [URL Shortener] [           main] c.g.d.z.s.o.apache.hc.client5.http.wire  : http-outgoing-8 >> "[\r][\n]"
2024-06-12T14:28:41.995+03:00 DEBUG 12012 --- [URL Shortener] [           main] c.g.d.z.s.o.apache.hc.client5.http.wire  : http-outgoing-8 << "HTTP/1.1 204 No Content[\r][\n]"
2024-06-12T14:28:41.995+03:00 DEBUG 12012 --- [URL Shortener] [           main] c.g.d.z.s.o.apache.hc.client5.http.wire  : http-outgoing-8 << "Api-Version: 1.43[\r][\n]"
2024-06-12T14:28:41.995+03:00 DEBUG 12012 --- [URL Shortener] [           main] c.g.d.z.s.o.apache.hc.client5.http.wire  : http-outgoing-8 << "Date: Wed, 12 Jun 2024 11:28:41 GMT[\r][\n]"
2024-06-12T14:28:41.995+03:00 DEBUG 12012 --- [URL Shortener] [           main] c.g.d.z.s.o.apache.hc.client5.http.wire  : http-outgoing-8 << "Docker-Experimental: false[\r][\n]"
2024-06-12T14:28:41.995+03:00 DEBUG 12012 --- [URL Shortener] [           main] c.g.d.z.s.o.apache.hc.client5.http.wire  : http-outgoing-8 << "Ostype: linux[\r][\n]"
2024-06-12T14:28:41.995+03:00 DEBUG 12012 --- [URL Shortener] [           main] c.g.d.z.s.o.apache.hc.client5.http.wire  : http-outgoing-8 << "Server: Docker/24.0.7 (linux)[\r][\n]"
2024-06-12T14:28:41.995+03:00 DEBUG 12012 --- [URL Shortener] [           main] c.g.d.z.s.o.apache.hc.client5.http.wire  : http-outgoing-8 << "[\r][\n]"
2024-06-12T14:28:41.996+03:00 DEBUG 12012 --- [URL Shortener] [           main] c.g.d.z.s.o.a.hc.client5.http.headers    : http-outgoing-8 << HTTP/1.1 204 No Content
2024-06-12T14:28:41.996+03:00 DEBUG 12012 --- [URL Shortener] [           main] c.g.d.z.s.o.a.hc.client5.http.headers    : http-outgoing-8 << Api-Version: 1.43
2024-06-12T14:28:41.996+03:00 DEBUG 12012 --- [URL Shortener] [           main] c.g.d.z.s.o.a.hc.client5.http.headers    : http-outgoing-8 << Date: Wed, 12 Jun 2024 11:28:41 GMT
2024-06-12T14:28:41.996+03:00 DEBUG 12012 --- [URL Shortener] [           main] c.g.d.z.s.o.a.hc.client5.http.headers    : http-outgoing-8 << Docker-Experimental: false
2024-06-12T14:28:41.996+03:00 DEBUG 12012 --- [URL Shortener] [           main] c.g.d.z.s.o.a.hc.client5.http.headers    : http-outgoing-8 << Ostype: linux
2024-06-12T14:28:41.996+03:00 DEBUG 12012 --- [URL Shortener] [           main] c.g.d.z.s.o.a.hc.client5.http.headers    : http-outgoing-8 << Server: Docker/24.0.7 (linux)
2024-06-12T14:28:41.996+03:00 DEBUG 12012 --- [URL Shortener] [           main] c.g.d.z.s.o.a.h.c.h.i.c.MainClientExec   : ex-0000004F: connection can be kept alive for 3 MINUTES
2024-06-12T14:28:41.996+03:00 DEBUG 12012 --- [URL Shortener] [           main] g.d.z.s.o.a.h.c.h.i.c.InternalHttpClient : ep-0000004E: releasing valid endpoint
2024-06-12T14:28:41.996+03:00 DEBUG 12012 --- [URL Shortener] [           main] h.i.i.PoolingHttpClientConnectionManager : ep-0000004E: releasing endpoint
2024-06-12T14:28:41.996+03:00 DEBUG 12012 --- [URL Shortener] [           main] h.i.i.PoolingHttpClientConnectionManager : ep-0000004E: connection http-outgoing-8 can be kept alive for 3 MINUTES
2024-06-12T14:28:41.996+03:00 DEBUG 12012 --- [URL Shortener] [           main] h.i.i.PoolingHttpClientConnectionManager : ep-0000004E: connection released [route: {}->npipe://localhost:2375][total available: 1; route allocated: 1 of 2147483647; total allocated: 1 of 2147483647]
2024-06-12T14:28:41.996+03:00 DEBUG 12012 --- [URL Shortener] [           main] o.testcontainers.utility.ResourceReaper  : Removed container and associated volume(s): postgres:latest
]]></system-out>
  </testcase>
</testsuite>